[2017-02-15 12:52:08.929] [INFO] access - GET /admin/sign-in
[2017-02-15 12:52:08.954] [WARN] access - GET /assets/admin/vendor.css
[2017-02-15 12:52:08.957] [WARN] access - GET /assets/admin/main.css
[2017-02-15 12:52:08.959] [WARN] access - GET /assets/admin/main.js
[2017-02-15 12:52:08.961] [WARN] access - GET /assets/admin/views.js
[2017-02-15 12:52:08.962] [WARN] access - GET /assets/admin/vendor.js
[2017-02-15 12:52:09.228] [WARN] access - GET /api/install
[2017-02-15 12:52:09.273] [WARN] access - GET /assets/admin/images/logo-lg.png
[2017-02-15 12:52:09.302] [INFO] access - GET /api/account/captcha
[2017-02-15 12:52:09.308] [WARN] access - GET /assets/admin/fonts/fontawesome-webfont.woff2?v=4.6.1
[2017-02-15 12:52:09.808] [INFO] access - GET /1
[2017-02-15 12:52:32.556] [ERROR] access - PUT /api/account/sign-in
[2017-02-15 12:52:32.565] [WARN] access - GET /api/account/captcha
[2017-02-15 12:52:44.673] [ERROR] access - PUT /api/account/sign-in
[2017-02-15 12:52:44.688] [WARN] access - GET /api/account/captcha
[2017-02-15 12:56:05.479] [WARN] access - GET /admin/sign-in
[2017-02-15 12:56:05.499] [WARN] access - GET /assets/admin/main.js
[2017-02-15 12:56:05.500] [WARN] access - GET /assets/admin/main.css
[2017-02-15 12:56:05.501] [WARN] access - GET /assets/admin/vendor.css
[2017-02-15 12:56:05.513] [WARN] access - GET /assets/admin/views.js
[2017-02-15 12:56:05.517] [WARN] access - GET /assets/admin/vendor.js
[2017-02-15 12:56:05.813] [WARN] access - GET /api/install
[2017-02-15 12:56:05.848] [WARN] access - GET /assets/admin/images/logo-lg.png
[2017-02-15 12:56:05.872] [WARN] access - GET /api/account/captcha
[2017-02-15 12:56:05.878] [WARN] access - GET /assets/admin/fonts/fontawesome-webfont.woff2?v=4.6.1
[2017-02-15 12:56:06.185] [WARN] access - GET /1
[2017-02-15 12:56:23.545] [INFO] access - PUT /api/account/sign-in
[2017-02-15 12:56:23.609] [INFO] access - PUT /api/statistics
[2017-02-15 12:56:23.630] [INFO] access - GET /api/dashboard
[2017-02-15 12:56:23.646] [INFO] access - GET /api/account
[2017-02-15 12:56:23.647] [INFO] access - GET /api/categories
[2017-02-15 12:56:23.659] [WARN] access - GET /api/account
[2017-02-15 12:56:23.685] [INFO] access - GET /assets/admin/images/logo.png
[2017-02-15 12:56:43.074] [INFO] access - GET /api/admin-users
[2017-02-15 12:56:45.283] [INFO] access - GET /api/roles
[2017-02-15 12:56:53.938] [INFO] access - GET /api/users?email=aa@aa.com
[2017-02-15 12:57:05.102] [WARN] access - GET /api/roles
[2017-02-15 12:57:09.500] [INFO] access - GET /api/authorities
[2017-02-15 12:57:42.800] [INFO] access - POST /api/roles
[2017-02-15 12:57:42.808] [WARN] access - GET /api/account
[2017-02-15 12:57:42.815] [WARN] access - GET /api/account
[2017-02-15 12:57:42.823] [WARN] access - GET /api/account
[2017-02-15 12:57:42.843] [INFO] access - GET /api/roles
[2017-02-15 12:57:48.991] [WARN] access - GET /api/admin-users
[2017-02-15 12:57:51.324] [WARN] access - GET /api/roles
[2017-02-15 12:57:55.826] [INFO] access - GET /api/users?email=aa@aa.com
[2017-02-15 12:58:07.915] [INFO] access - POST /api/admin-users
[2017-02-15 12:58:07.925] [WARN] access - GET /api/account
[2017-02-15 12:58:07.933] [WARN] access - GET /api/account
[2017-02-15 12:58:07.940] [WARN] access - GET /api/account
[2017-02-15 12:58:07.965] [INFO] access - GET /api/admin-users
[2017-02-15 12:58:12.160] [INFO] access - GET /api/models?type=feature
[2017-02-15 12:58:14.886] [INFO] access - GET /api/models?type=content
[2017-02-15 12:58:55.260] [INFO] access - GET /api/site-info
[2017-02-15 12:58:57.701] [WARN] access - GET /api/categories
[2017-02-15 12:59:02.118] [WARN] access - GET /api/models?type=feature
[2017-02-15 12:59:02.122] [INFO] access - GET /api/features
[2017-02-15 12:59:12.217] [WARN] access - GET /api/categories
[2017-02-15 12:59:14.488] [WARN] access - GET /api/models?type=content
[2017-02-15 12:59:14.492] [INFO] access - GET /api/views
[2017-02-15 12:59:38.840] [INFO] access - GET /api/categories?path=%2Faaa
[2017-02-15 12:59:43.780] [WARN] access - GET /api/models?type=content
