[2017-02-14 17:28:29.827] [INFO] access - GET /admin/install
[2017-02-14 17:28:29.959] [INFO] access - GET /assets/admin/main.css
[2017-02-14 17:28:29.963] [INFO] access - GET /assets/admin/main.js
[2017-02-14 17:28:29.985] [INFO] access - GET /assets/admin/vendor.css
[2017-02-14 17:28:29.987] [INFO] access - GET /assets/admin/views.js
[2017-02-14 17:28:30.075] [INFO] access - GET /assets/admin/vendor.js
[2017-02-14 17:28:30.243] [INFO] access - GET /api/install
[2017-02-14 17:28:30.310] [INFO] access - GET /api/install/themes
[2017-02-14 17:28:30.397] [INFO] access - GET /assets/admin/images/logo-lg.png
[2017-02-14 17:29:39.365] [ERROR] access - PUT /api/install/test-database
[2017-02-14 17:29:39.392] [INFO] access - GET /assets/admin/fonts/fontawesome-webfont.woff2?v=4.6.1
[2017-02-14 17:29:44.513] [ERROR] access - PUT /api/install/test-database
[2017-02-14 17:29:48.364] [ERROR] access - PUT /api/install/test-database
[2017-02-14 17:39:14.740] [ERROR] access - PUT /api/install/test-database
[2017-02-14 17:41:23.822] [WARN] access - GET /assets/admin/vendor.css
[2017-02-14 17:41:23.826] [WARN] access - GET /assets/admin/main.css
[2017-02-14 17:41:23.833] [WARN] access - GET /admin/install
[2017-02-14 17:41:23.841] [ERROR] access - PUT /api/install/test-database
[2017-02-14 17:41:23.900] [WARN] access - GET /assets/admin/vendor.css
[2017-02-14 17:41:23.901] [WARN] access - GET /assets/admin/main.css
[2017-02-14 17:41:23.904] [WARN] access - GET /assets/admin/vendor.js
[2017-02-14 17:41:23.905] [WARN] access - GET /assets/admin/main.js
[2017-02-14 17:41:23.906] [WARN] access - GET /assets/admin/views.js
[2017-02-14 17:41:24.189] [WARN] access - GET /api/install
[2017-02-14 17:41:24.234] [WARN] access - GET /assets/admin/images/logo-lg.png
[2017-02-14 17:41:24.287] [WARN] access - GET /api/install/themes
[2017-02-14 17:41:39.117] [ERROR] access - PUT /api/install/test-database
[2017-02-14 17:41:39.125] [WARN] access - GET /assets/admin/fonts/fontawesome-webfont.woff2?v=4.6.1
[2017-02-14 17:43:00.951] [ERROR] access - PUT /api/install/test-database
[2017-02-14 17:44:05.112] [ERROR] access - PUT /api/install/test-database
[2017-02-14 17:47:42.586] [ERROR] access - PUT /api/install/test-database
[2017-02-14 17:47:45.675] [ERROR] access - PUT /api/install/test-database
[2017-02-14 17:48:07.152] [WARN] access - GET /admin/install
[2017-02-14 17:48:07.167] [WARN] access - GET /assets/admin/vendor.css
[2017-02-14 17:48:07.170] [WARN] access - GET /assets/admin/main.css
[2017-02-14 17:48:07.171] [WARN] access - GET /assets/admin/vendor.js
[2017-02-14 17:48:07.173] [WARN] access - GET /assets/admin/main.js
[2017-02-14 17:48:07.175] [WARN] access - GET /assets/admin/views.js
[2017-02-14 17:48:07.424] [WARN] access - GET /api/install
[2017-02-14 17:48:07.441] [WARN] access - GET /assets/admin/images/logo-lg.png
[2017-02-14 17:48:07.486] [WARN] access - GET /api/install/themes
[2017-02-14 17:48:16.345] [ERROR] access - PUT /api/install/test-database
[2017-02-14 17:48:16.352] [WARN] access - GET /assets/admin/fonts/fontawesome-webfont.woff2?v=4.6.1
[2017-02-14 17:51:40.117] [ERROR] access - PUT /api/install/test-database
[2017-02-14 17:56:10.860] [INFO] access - PUT /api/install/test-database
[2017-02-14 17:56:52.890] [INFO] access - POST /api/install
[2017-02-14 17:56:55.773] [INFO] access - GET /api/install
[2017-02-14 17:56:55.810] [INFO] access - GET /api/account/captcha
[2017-02-14 17:57:28.979] [ERROR] access - PUT /api/account/sign-in
[2017-02-14 17:57:28.990] [WARN] access - GET /api/account/captcha
[2017-02-14 17:57:35.852] [WARN] access - GET /assets/admin/vendor.css
[2017-02-14 17:57:35.855] [WARN] access - GET /assets/admin/main.css
