[2017-02-15 13:00:28.676] [INFO] access - POST /api/models
[2017-02-15 13:00:28.705] [WARN] access - GET /api/categories
[2017-02-15 13:00:36.026] [WARN] access - GET /api/categories
[2017-02-15 13:00:37.718] [INFO] access - GET /api/models?type=content
[2017-02-15 13:00:37.719] [WARN] access - GET /api/views
[2017-02-15 13:00:50.517] [WARN] access - GET /api/categories?path=%2Faaa
[2017-02-15 13:00:55.812] [INFO] access - POST /api/categories
[2017-02-15 13:00:55.825] [INFO] access - GET /api/categories
[2017-02-15 13:00:55.834] [WARN] access - GET /api/categories
[2017-02-15 13:01:04.206] [WARN] access - GET /api/site-info
[2017-02-15 13:01:06.695] [WARN] access - GET /api/categories
[2017-02-15 13:01:07.280] [WARN] access - GET /api/models?type=content
[2017-02-15 13:01:08.749] [WARN] access - GET /api/models?type=feature
[2017-02-15 13:01:09.653] [WARN] access - GET /api/roles
[2017-02-15 13:01:10.781] [WARN] access - GET /api/admin-users
[2017-02-15 13:01:15.535] [INFO] access - GET /api/categories/58a3e087bf3da8010c4435ed
[2017-02-15 13:01:15.543] [INFO] access - GET /api/contents?_id=58a3e087bf3da8010c4435ed&currentPage=1&deleted=false&pageSize=20
[2017-02-15 13:01:15.557] [WARN] access - GET /api/contents?_id=58a3e087bf3da8010c4435ed&currentPage=1&deleted=false&pageSize=20
[2017-02-15 13:01:24.400] [WARN] access - GET /api/categories
[2017-02-15 13:01:29.547] [WARN] access - GET /api/categories/58a3e087bf3da8010c4435ed
[2017-02-15 13:01:29.552] [WARN] access - GET /api/contents?_id=58a3e087bf3da8010c4435ed&currentPage=1&deleted=false&pageSize=20
[2017-02-15 13:01:29.564] [WARN] access - GET /api/contents?_id=58a3e087bf3da8010c4435ed&currentPage=1&deleted=false&pageSize=20
[2017-02-15 13:01:31.513] [INFO] access - GET /api/media?currentPage=1&pageSize=9
[2017-02-15 13:01:52.886] [WARN] access - GET /api/media?currentPage=1&pageSize=9
[2017-02-15 13:02:53.237] [INFO] access - POST /api/contents
[2017-02-15 13:02:53.288] [WARN] access - GET /api/categories/58a3e087bf3da8010c4435ed
[2017-02-15 13:02:53.303] [INFO] access - GET /api/contents?_id=58a3e087bf3da8010c4435ed&currentPage=1&deleted=false&pageSize=20
[2017-02-15 13:02:53.320] [WARN] access - GET /api/contents?_id=58a3e087bf3da8010c4435ed&currentPage=1&deleted=false&pageSize=20
[2017-02-15 13:02:58.419] [WARN] access - GET /api/models?type=feature
[2017-02-15 13:02:58.420] [WARN] access - GET /api/features
[2017-02-15 13:03:01.525] [INFO] access - GET /admin
[2017-02-15 13:03:01.548] [WARN] access - GET /assets/admin/vendor.css
[2017-02-15 13:03:01.552] [WARN] access - GET /assets/admin/main.css
[2017-02-15 13:03:01.554] [WARN] access - GET /assets/admin/views.js
[2017-02-15 13:03:01.556] [WARN] access - GET /assets/admin/main.js
[2017-02-15 13:03:01.557] [WARN] access - GET /assets/admin/vendor.js
[2017-02-15 13:03:01.804] [WARN] access - GET /assets/admin/images/logo.png
[2017-02-15 13:03:01.846] [INFO] access - PUT /api/statistics
[2017-02-15 13:03:01.862] [WARN] access - GET /assets/admin/fonts/fontawesome-webfont.woff2?v=4.6.1
[2017-02-15 13:03:01.863] [WARN] access - GET /api/categories
[2017-02-15 13:03:01.863] [WARN] access - GET /api/account
[2017-02-15 13:03:01.866] [INFO] access - GET /api/dashboard
[2017-02-15 13:03:01.875] [WARN] access - GET /api/account
[2017-02-15 13:23:37.812] [WARN] access - GET /api/roles
[2017-02-15 13:23:41.086] [WARN] access - GET /api/admin-users
[2017-02-15 13:23:43.746] [WARN] access - GET /api/roles
[2017-02-15 13:23:43.750] [INFO] access - GET /api/admin-users/58a3dfdfbf3da8010c4435eb
[2017-02-15 13:23:51.104] [WARN] access - GET /api/roles
[2017-02-15 13:23:53.677] [WARN] access - GET /api/authorities
[2017-02-15 13:23:53.688] [INFO] access - GET /api/roles/58a3dfc6bf3da8010c4435ea
[2017-02-15 13:29:15.211] [INFO] access - GET /api/media?currentPage=1&pageSize=20
[2017-02-15 13:29:24.924] [WARN] access - GET /api/models?type=feature
[2017-02-15 13:29:24.928] [WARN] access - GET /api/features
[2017-02-15 13:29:26.730] [WARN] access - GET /api/categories/58a3e087bf3da8010c4435ed
[2017-02-15 13:29:26.742] [WARN] access - GET /api/contents?_id=58a3e087bf3da8010c4435ed&currentPage=1&deleted=false&pageSize=20
[2017-02-15 13:29:26.757] [WARN] access - GET /api/contents?_id=58a3e087bf3da8010c4435ed&currentPage=1&deleted=false&pageSize=20
[2017-02-15 13:30:33.293] [WARN] access - GET /api/roles
[2017-02-15 13:30:34.929] [WARN] access - GET /api/authorities
[2017-02-15 13:30:34.936] [WARN] access - GET /api/roles/58a3dfc6bf3da8010c4435ea
[2017-02-15 13:30:37.744] [WARN] access - GET /assets/admin/vendor.css
[2017-02-15 13:30:37.746] [WARN] access - GET /assets/admin/main.css
[2017-02-15 13:33:51.814] [WARN] access - GET /admin
[2017-02-15 13:33:51.823] [WARN] access - GET /assets/admin/vendor.css
[2017-02-15 13:33:51.823] [WARN] access - GET /assets/admin/main.css
[2017-02-15 13:33:51.825] [WARN] access - GET /assets/admin/vendor.js
[2017-02-15 13:33:51.826] [WARN] access - GET /assets/admin/views.js
[2017-02-15 13:33:51.830] [WARN] access - GET /assets/admin/main.js
[2017-02-15 13:33:52.143] [INFO] access - PUT /api/statistics
[2017-02-15 13:33:52.155] [WARN] access - GET /assets/admin/fonts/fontawesome-webfont.woff2?v=4.6.1
[2017-02-15 13:33:52.156] [WARN] access - GET /assets/admin/images/logo.png
[2017-02-15 13:33:52.157] [WARN] access - GET /api/dashboard
[2017-02-15 13:33:52.160] [WARN] access - GET /api/categories
[2017-02-15 13:33:52.161] [WARN] access - GET /api/account
[2017-02-15 13:33:52.336] [WARN] access - GET /api/account
[2017-02-15 13:34:00.554] [INFO] access - GET /admin/api/authorities
[2017-02-15 13:34:00.571] [WARN] access - GET /assets/admin/vendor.css
[2017-02-15 13:34:00.573] [WARN] access - GET /assets/admin/main.css
[2017-02-15 13:34:00.574] [WARN] access - GET /assets/admin/vendor.js
[2017-02-15 13:34:00.575] [WARN] access - GET /assets/admin/views.js
[2017-02-15 13:34:00.578] [WARN] access - GET /assets/admin/main.js
[2017-02-15 13:34:00.789] [WARN] access - GET /assets/admin/images/logo.png
[2017-02-15 13:34:00.850] [INFO] access - PUT /api/statistics
[2017-02-15 13:34:00.869] [WARN] access - GET /assets/admin/fonts/fontawesome-webfont.woff2?v=4.6.1
[2017-02-15 13:34:00.874] [WARN] access - GET /api/account
[2017-02-15 13:34:00.878] [WARN] access - GET /api/dashboard
[2017-02-15 13:34:00.883] [WARN] access - GET /api/categories
[2017-02-15 13:34:00.889] [WARN] access - GET /api/account
