[2017-02-24 09:25:12.582] [INFO] access - GET /admin/setting/roles/58ae972878c838ce3c3e6983
[2017-02-24 09:25:12.736] [WARN] access - GET /assets/admin/vendor.css
[2017-02-24 09:25:12.745] [WARN] access - GET /assets/admin/main.css
[2017-02-24 09:25:12.763] [WARN] access - GET /assets/admin/vendor.js
[2017-02-24 09:25:12.772] [WARN] access - GET /assets/admin/main.js
[2017-02-24 09:25:12.773] [WARN] access - GET /assets/admin/views.js
[2017-02-24 09:25:13.246] [WARN] access - GET /api/account
[2017-02-24 09:25:13.261] [WARN] access - GET /api/account
[2017-02-24 09:25:13.463] [WARN] access - GET /assets/admin/images/logo.png
[2017-02-24 09:25:13.838] [INFO] access - PUT /api/statistics
[2017-02-24 09:25:13.918] [WARN] access - GET /assets/admin/fonts/fontawesome-webfont.woff2?v=4.6.1
[2017-02-24 09:25:13.936] [WARN] access - GET /api/authorities
[2017-02-24 09:25:13.944] [INFO] access - GET /api/dashboard
[2017-02-24 09:25:13.945] [WARN] access - GET /api/categories
[2017-02-24 09:25:13.949] [WARN] access - GET /api/roles
[2017-02-24 09:25:13.951] [WARN] access - GET /api/roles/58ae972878c838ce3c3e6983
[2017-02-24 09:25:21.087] [WARN] access - GET /api/authorities
[2017-02-24 09:25:21.095] [WARN] access - GET /api/roles/58ae972878c838ce3c3e6983
[2017-02-24 09:25:30.951] [INFO] access - GET /__webpack_hmr
[2017-02-24 09:25:41.411] [INFO] access - PUT /api/roles/58ae972878c838ce3c3e6983
[2017-02-24 09:25:41.425] [WARN] access - GET /api/account
[2017-02-24 09:25:41.432] [WARN] access - GET /api/account
[2017-02-24 09:25:41.443] [WARN] access - GET /api/account
[2017-02-24 09:25:41.469] [INFO] access - GET /api/roles
[2017-02-24 09:25:51.962] [INFO] access - GET /__webpack_hmr
[2017-02-24 09:26:12.951] [INFO] access - GET /__webpack_hmr
[2017-02-24 09:26:38.030] [INFO] access - GET /admin/setting/roles
[2017-02-24 09:26:38.201] [INFO] access - GET /assets/admin/main.css
[2017-02-24 09:26:38.293] [INFO] access - GET /assets/admin/main.js
[2017-02-24 09:26:38.328] [INFO] access - GET /assets/admin/vendor.css
[2017-02-24 09:26:38.329] [INFO] access - GET /assets/admin/views.js
[2017-02-24 09:26:38.363] [INFO] access - GET /assets/admin/vendor.js
[2017-02-24 09:26:38.529] [INFO] access - GET /api/account
[2017-02-24 09:26:38.556] [WARN] access - GET /assets/admin/images/logo.png
[2017-02-24 09:26:38.647] [INFO] access - PUT /api/statistics
[2017-02-24 09:26:38.659] [WARN] access - GET /api/dashboard
[2017-02-24 09:26:38.661] [WARN] access - GET /api/categories
[2017-02-24 09:26:38.663] [WARN] access - GET /api/roles
[2017-02-24 09:26:38.700] [INFO] access - GET /assets/admin/fonts/fontawesome-webfont.woff2?v=4.6.1
[2017-02-24 09:26:45.370] [WARN] access - GET /api/authorities
[2017-02-24 09:26:45.380] [INFO] access - GET /api/roles/58ae972878c838ce3c3e6983
[2017-02-24 09:26:54.937] [INFO] access - GET /__webpack_hmr
[2017-02-24 09:27:07.584] [WARN] access - GET /api/authorities
[2017-02-24 09:27:07.597] [WARN] access - GET /api/roles/58ae972878c838ce3c3e6983
[2017-02-24 09:27:15.957] [INFO] access - GET /__webpack_hmr
[2017-02-24 09:27:20.581] [INFO] access - PUT /api/roles/58ae972878c838ce3c3e6983
[2017-02-24 09:27:20.596] [WARN] access - GET /api/account
[2017-02-24 09:27:20.607] [WARN] access - GET /api/account
[2017-02-24 09:27:20.615] [WARN] access - GET /api/account
[2017-02-24 09:27:20.644] [INFO] access - GET /api/roles
[2017-02-24 09:27:36.947] [INFO] access - GET /__webpack_hmr
[2017-02-24 09:28:05.047] [WARN] access - GET /api/authorities
[2017-02-24 09:28:05.061] [INFO] access - GET /api/roles/58ae972878c838ce3c3e6983
[2017-02-24 09:28:18.952] [INFO] access - GET /__webpack_hmr
[2017-02-24 09:28:39.941] [INFO] access - GET /__webpack_hmr
[2017-02-24 09:29:00.896] [INFO] access - GET /__webpack_hmr
[2017-02-24 09:29:21.930] [INFO] access - GET /__webpack_hmr
[2017-02-24 09:29:42.931] [INFO] access - GET /__webpack_hmr
[2017-02-24 09:30:03.901] [INFO] access - GET /__webpack_hmr
[2017-02-24 09:30:24.937] [INFO] access - GET /__webpack_hmr
[2017-02-24 09:30:45.939] [INFO] access - GET /__webpack_hmr
[2017-02-24 09:31:06.928] [INFO] access - GET /__webpack_hmr
[2017-02-24 09:31:27.928] [INFO] access - GET /__webpack_hmr
[2017-02-24 09:34:25.579] [INFO] access - GET /admin/setting/roles/58ae972878c838ce3c3e6983
[2017-02-24 09:34:25.686] [INFO] access - GET /assets/admin/main.css
[2017-02-24 09:34:25.692] [INFO] access - GET /assets/admin/main.js
[2017-02-24 09:34:25.694] [INFO] access - GET /assets/admin/vendor.css
[2017-02-24 09:34:25.698] [INFO] access - GET /assets/admin/views.js
[2017-02-24 09:34:25.757] [INFO] access - GET /assets/admin/vendor.js
[2017-02-24 09:34:25.971] [INFO] access - GET /__webpack_hmr
[2017-02-24 09:34:25.979] [INFO] access - GET /api/account
[2017-02-24 09:34:25.980] [INFO] access - GET /api/account
[2017-02-24 09:34:26.201] [WARN] access - GET /assets/admin/images/logo.png
[2017-02-24 09:34:26.311] [INFO] access - PUT /api/statistics
[2017-02-24 09:34:26.329] [WARN] access - GET /api/authorities
[2017-02-24 09:34:26.333] [WARN] access - GET /api/dashboard
[2017-02-24 09:34:26.340] [INFO] access - GET /assets/admin/fonts/fontawesome-webfont.woff2?v=4.6.1
[2017-02-24 09:34:26.341] [WARN] access - GET /api/categories
[2017-02-24 09:34:26.345] [WARN] access - GET /api/roles
[2017-02-24 09:34:26.347] [WARN] access - GET /api/roles/58ae972878c838ce3c3e6983
[2017-02-24 09:34:46.969] [INFO] access - GET /__webpack_hmr
[2017-02-24 09:34:47.215] [INFO] access - PUT /api/roles/58ae972878c838ce3c3e6983
[2017-02-24 09:34:47.233] [WARN] access - GET /api/account
[2017-02-24 09:34:47.240] [WARN] access - GET /api/account
[2017-02-24 09:34:47.254] [WARN] access - GET /api/account
[2017-02-24 09:34:47.277] [INFO] access - GET /api/roles
[2017-02-24 09:35:07.993] [INFO] access - GET /__webpack_hmr
[2017-02-24 09:35:28.953] [INFO] access - GET /__webpack_hmr
[2017-02-24 09:35:49.959] [INFO] access - GET /__webpack_hmr
[2017-02-24 09:36:10.970] [INFO] access - GET /__webpack_hmr
[2017-02-24 09:36:31.955] [INFO] access - GET /__webpack_hmr
[2017-02-24 09:36:52.917] [INFO] access - GET /__webpack_hmr
[2017-02-24 09:37:13.959] [INFO] access - GET /__webpack_hmr
[2017-02-24 09:37:34.939] [INFO] access - GET /__webpack_hmr
[2017-02-24 09:37:55.932] [INFO] access - GET /__webpack_hmr
[2017-02-24 09:38:16.937] [INFO] access - GET /__webpack_hmr
[2017-02-24 09:38:37.930] [INFO] access - GET /__webpack_hmr
[2017-02-24 09:38:58.954] [INFO] access - GET /__webpack_hmr
[2017-02-24 09:39:19.939] [INFO] access - GET /__webpack_hmr
[2017-02-24 09:39:40.941] [INFO] access - GET /__webpack_hmr
[2017-02-24 09:40:01.955] [INFO] access - GET /__webpack_hmr
[2017-02-24 09:40:22.954] [INFO] access - GET /__webpack_hmr
[2017-02-24 09:40:43.921] [INFO] access - GET /__webpack_hmr
[2017-02-24 09:41:25.926] [INFO] access - GET /__webpack_hmr
[2017-02-24 09:41:46.967] [INFO] access - GET /__webpack_hmr
[2017-02-24 09:42:07.930] [INFO] access - GET /__webpack_hmr
[2017-02-24 09:42:28.930] [INFO] access - GET /__webpack_hmr
[2017-02-24 09:42:49.957] [INFO] access - GET /__webpack_hmr
[2017-02-24 09:43:10.936] [INFO] access - GET /__webpack_hmr
[2017-02-24 09:43:31.902] [INFO] access - GET /__webpack_hmr
[2017-02-24 09:43:52.944] [INFO] access - GET /__webpack_hmr
[2017-02-24 09:44:13.947] [INFO] access - GET /__webpack_hmr
[2017-02-24 09:44:34.933] [INFO] access - GET /__webpack_hmr
[2017-02-24 09:45:16.938] [INFO] access - GET /__webpack_hmr
[2017-02-24 09:45:37.926] [INFO] access - GET /__webpack_hmr
[2017-02-24 09:46:15.745] [INFO] access - GET /admin/setting/roles
[2017-02-24 09:46:15.853] [INFO] access - GET /assets/admin/main.css
[2017-02-24 09:46:15.859] [INFO] access - GET /assets/admin/vendor.css
[2017-02-24 09:46:15.861] [INFO] access - GET /assets/admin/main.js
[2017-02-24 09:46:15.868] [INFO] access - GET /assets/admin/views.js
[2017-02-24 09:46:15.901] [INFO] access - GET /assets/admin/vendor.js
[2017-02-24 09:46:16.116] [INFO] access - GET /api/account
[2017-02-24 09:46:16.134] [WARN] access - GET /assets/admin/images/logo.png
[2017-02-24 09:46:16.217] [INFO] access - PUT /api/statistics
[2017-02-24 09:46:16.237] [WARN] access - GET /api/dashboard
[2017-02-24 09:46:16.241] [WARN] access - GET /api/roles
[2017-02-24 09:46:16.243] [WARN] access - GET /api/categories
[2017-02-24 09:46:16.248] [INFO] access - GET /assets/admin/fonts/fontawesome-webfont.woff2?v=4.6.1
[2017-02-24 09:46:20.016] [INFO] access - GET /__webpack_hmr
[2017-02-24 09:46:20.644] [WARN] access - GET /api/authorities
[2017-02-24 09:46:20.656] [INFO] access - GET /api/roles/58ae972878c838ce3c3e6983
[2017-02-24 09:46:31.209] [INFO] access - PUT /api/roles/58ae972878c838ce3c3e6983
[2017-02-24 09:46:31.221] [WARN] access - GET /api/account
[2017-02-24 09:46:31.229] [WARN] access - GET /api/account
[2017-02-24 09:46:31.235] [WARN] access - GET /api/account
[2017-02-24 09:46:31.260] [INFO] access - GET /api/roles
[2017-02-24 09:46:40.973] [INFO] access - GET /__webpack_hmr
[2017-02-24 09:47:01.963] [INFO] access - GET /__webpack_hmr
[2017-02-24 09:47:22.974] [INFO] access - GET /__webpack_hmr
[2017-02-24 09:47:43.978] [INFO] access - GET /__webpack_hmr
[2017-02-24 09:48:04.956] [INFO] access - GET /__webpack_hmr
[2017-02-24 09:48:25.992] [INFO] access - GET /__webpack_hmr
[2017-02-24 09:49:07.915] [INFO] access - GET /__webpack_hmr
[2017-02-24 09:49:28.967] [INFO] access - GET /__webpack_hmr
[2017-02-24 09:49:49.960] [INFO] access - GET /__webpack_hmr
[2017-02-24 09:50:10.962] [INFO] access - GET /__webpack_hmr
[2017-02-24 09:50:31.948] [INFO] access - GET /__webpack_hmr
[2017-02-24 09:50:52.959] [INFO] access - GET /__webpack_hmr
[2017-02-24 09:51:13.957] [INFO] access - GET /__webpack_hmr
[2017-02-24 09:51:34.948] [INFO] access - GET /__webpack_hmr
[2017-02-24 09:51:38.253] [WARN] access - GET /api/authorities
[2017-02-24 09:51:38.280] [INFO] access - GET /api/roles/58ae972878c838ce3c3e6983
[2017-02-24 09:51:55.931] [INFO] access - GET /__webpack_hmr
[2017-02-24 09:52:37.979] [INFO] access - GET /__webpack_hmr
[2017-02-24 09:52:58.953] [INFO] access - GET /__webpack_hmr
[2017-02-24 09:53:19.950] [INFO] access - GET /__webpack_hmr
[2017-02-24 09:53:40.960] [INFO] access - GET /__webpack_hmr
[2017-02-24 09:54:01.947] [INFO] access - GET /__webpack_hmr
[2017-02-24 09:54:22.977] [INFO] access - GET /__webpack_hmr
[2017-02-24 09:54:43.953] [INFO] access - GET /__webpack_hmr
[2017-02-24 09:55:04.960] [INFO] access - GET /__webpack_hmr
[2017-02-24 09:55:25.993] [INFO] access - GET /__webpack_hmr
[2017-02-24 09:55:46.961] [INFO] access - GET /__webpack_hmr
[2017-02-24 09:56:07.960] [INFO] access - GET /__webpack_hmr
[2017-02-24 09:56:28.975] [INFO] access - GET /__webpack_hmr
[2017-02-24 09:57:10.944] [INFO] access - GET /__webpack_hmr
[2017-02-24 09:57:52.960] [INFO] access - GET /__webpack_hmr
[2017-02-24 09:58:13.959] [INFO] access - GET /__webpack_hmr
[2017-02-24 09:58:34.983] [INFO] access - GET /__webpack_hmr
[2017-02-24 09:58:55.976] [INFO] access - GET /__webpack_hmr
[2017-02-24 09:59:16.974] [INFO] access - GET /__webpack_hmr
[2017-02-24 09:59:37.976] [INFO] access - GET /__webpack_hmr
[2017-02-24 09:59:58.966] [INFO] access - GET /__webpack_hmr
