[2017-02-23 17:00:02.766] [INFO] access - GET /__webpack_hmr
[2017-02-23 17:00:23.770] [INFO] access - GET /__webpack_hmr
[2017-02-23 17:00:44.757] [INFO] access - GET /__webpack_hmr
[2017-02-23 17:01:26.766] [INFO] access - GET /__webpack_hmr
[2017-02-23 17:01:47.779] [INFO] access - GET /__webpack_hmr
[2017-02-23 17:02:08.769] [INFO] access - GET /__webpack_hmr
[2017-02-23 17:02:29.771] [INFO] access - GET /__webpack_hmr
[2017-02-23 17:02:50.751] [INFO] access - GET /__webpack_hmr
[2017-02-23 17:03:11.760] [INFO] access - GET /__webpack_hmr
[2017-02-23 17:03:32.774] [INFO] access - GET /__webpack_hmr
[2017-02-23 17:03:53.768] [INFO] access - GET /__webpack_hmr
[2017-02-23 17:04:14.771] [INFO] access - GET /__webpack_hmr
[2017-02-23 17:04:35.787] [INFO] access - GET /__webpack_hmr
[2017-02-23 17:04:56.746] [INFO] access - GET /__webpack_hmr
[2017-02-23 17:05:17.765] [INFO] access - GET /__webpack_hmr
[2017-02-23 17:05:38.777] [INFO] access - GET /__webpack_hmr
[2017-02-23 17:05:59.760] [INFO] access - GET /__webpack_hmr
[2017-02-23 17:06:20.758] [INFO] access - GET /__webpack_hmr
[2017-02-23 17:06:41.772] [INFO] access - GET /__webpack_hmr
[2017-02-23 17:07:02.775] [INFO] access - GET /__webpack_hmr
[2017-02-23 17:07:23.773] [INFO] access - GET /__webpack_hmr
[2017-02-23 17:07:44.765] [INFO] access - GET /__webpack_hmr
[2017-02-23 17:08:05.780] [INFO] access - GET /__webpack_hmr
[2017-02-23 17:08:26.795] [INFO] access - GET /__webpack_hmr
[2017-02-23 17:08:47.767] [INFO] access - GET /__webpack_hmr
[2017-02-23 17:09:08.747] [INFO] access - GET /__webpack_hmr
[2017-02-23 17:09:50.754] [INFO] access - GET /__webpack_hmr
[2017-02-23 17:10:11.783] [INFO] access - GET /__webpack_hmr
[2017-02-23 17:10:32.787] [INFO] access - GET /__webpack_hmr
[2017-02-23 17:10:53.780] [INFO] access - GET /__webpack_hmr
[2017-02-23 17:11:14.757] [INFO] access - GET /__webpack_hmr
[2017-02-23 17:11:56.775] [INFO] access - GET /__webpack_hmr
[2017-02-23 17:12:17.794] [INFO] access - GET /__webpack_hmr
[2017-02-23 17:12:38.786] [INFO] access - GET /__webpack_hmr
[2017-02-23 17:12:59.763] [INFO] access - GET /__webpack_hmr
[2017-02-23 17:13:20.764] [INFO] access - GET /__webpack_hmr
[2017-02-23 17:13:41.759] [INFO] access - GET /__webpack_hmr
[2017-02-23 17:14:02.800] [INFO] access - GET /__webpack_hmr
[2017-02-23 17:14:23.758] [INFO] access - GET /__webpack_hmr
[2017-02-23 17:14:44.779] [INFO] access - GET /__webpack_hmr
[2017-02-23 17:15:05.807] [INFO] access - GET /__webpack_hmr
[2017-02-23 17:15:26.797] [INFO] access - GET /__webpack_hmr
[2017-02-23 17:16:08.786] [INFO] access - GET /__webpack_hmr
[2017-02-23 17:16:28.985] [INFO] access - GET /__webpack_hmr
[2017-02-23 17:16:49.801] [INFO] access - GET /__webpack_hmr
[2017-02-23 17:17:10.767] [INFO] access - GET /__webpack_hmr
[2017-02-23 17:17:31.782] [INFO] access - GET /__webpack_hmr
[2017-02-23 17:17:36.598] [WARN] access - GET /api/categories
[2017-02-23 17:17:40.620] [WARN] access - GET /api/models?type=content
[2017-02-23 17:17:40.622] [INFO] access - GET /api/views
[2017-02-23 17:17:40.627] [WARN] access - GET /api/categories/58a3e087bf3da8010c4435ed
[2017-02-23 17:17:52.781] [INFO] access - GET /__webpack_hmr
[2017-02-23 17:18:13.796] [INFO] access - GET /__webpack_hmr
[2017-02-23 17:18:34.770] [INFO] access - GET /__webpack_hmr
[2017-02-23 17:18:55.764] [INFO] access - GET /__webpack_hmr
[2017-02-23 17:19:16.775] [INFO] access - GET /__webpack_hmr
[2017-02-23 17:19:37.770] [INFO] access - GET /__webpack_hmr
[2017-02-23 17:19:58.827] [INFO] access - GET /__webpack_hmr
[2017-02-23 17:20:19.768] [INFO] access - GET /__webpack_hmr
[2017-02-23 17:20:40.796] [INFO] access - GET /__webpack_hmr
[2017-02-23 17:21:01.800] [INFO] access - GET /__webpack_hmr
[2017-02-23 17:21:22.801] [INFO] access - GET /__webpack_hmr
[2017-02-23 17:21:43.813] [INFO] access - GET /__webpack_hmr
[2017-02-23 17:22:04.815] [INFO] access - GET /__webpack_hmr
[2017-02-23 17:22:25.795] [INFO] access - GET /__webpack_hmr
[2017-02-23 17:22:46.811] [INFO] access - GET /__webpack_hmr
[2017-02-23 17:23:07.851] [INFO] access - GET /__webpack_hmr
[2017-02-23 17:23:28.812] [INFO] access - GET /__webpack_hmr
[2017-02-23 17:23:49.829] [INFO] access - GET /__webpack_hmr
[2017-02-23 17:24:10.802] [INFO] access - GET /__webpack_hmr
[2017-02-23 17:24:31.821] [INFO] access - GET /__webpack_hmr
[2017-02-23 17:24:52.819] [INFO] access - GET /__webpack_hmr
[2017-02-23 17:25:13.795] [INFO] access - GET /__webpack_hmr
[2017-02-23 17:25:34.777] [INFO] access - GET /__webpack_hmr
[2017-02-23 17:25:55.800] [INFO] access - GET /__webpack_hmr
[2017-02-23 17:26:16.773] [INFO] access - GET /__webpack_hmr
[2017-02-23 17:26:37.801] [INFO] access - GET /__webpack_hmr
[2017-02-23 17:26:58.815] [INFO] access - GET /__webpack_hmr
[2017-02-23 17:27:19.814] [INFO] access - GET /__webpack_hmr
[2017-02-23 17:27:40.803] [INFO] access - GET /__webpack_hmr
[2017-02-23 17:28:01.801] [INFO] access - GET /__webpack_hmr
[2017-02-23 17:28:22.797] [INFO] access - GET /__webpack_hmr
[2017-02-23 17:28:43.824] [INFO] access - GET /__webpack_hmr
[2017-02-23 17:29:04.841] [INFO] access - GET /__webpack_hmr
[2017-02-23 17:29:25.811] [INFO] access - GET /__webpack_hmr
[2017-02-23 17:29:46.800] [INFO] access - GET /__webpack_hmr
[2017-02-23 17:30:07.785] [INFO] access - GET /__webpack_hmr
[2017-02-23 17:30:28.805] [INFO] access - GET /__webpack_hmr
[2017-02-23 17:30:49.817] [INFO] access - GET /__webpack_hmr
[2017-02-23 17:31:10.777] [INFO] access - GET /__webpack_hmr
[2017-02-23 17:31:31.799] [INFO] access - GET /__webpack_hmr
[2017-02-23 17:31:52.778] [INFO] access - GET /__webpack_hmr
[2017-02-23 17:32:13.817] [INFO] access - GET /__webpack_hmr
[2017-02-23 17:32:34.800] [INFO] access - GET /__webpack_hmr
[2017-02-23 17:32:55.790] [INFO] access - GET /__webpack_hmr
[2017-02-23 17:33:16.823] [INFO] access - GET /__webpack_hmr
[2017-02-23 17:33:37.832] [INFO] access - GET /__webpack_hmr
[2017-02-23 17:33:58.826] [INFO] access - GET /__webpack_hmr
[2017-02-23 17:34:19.794] [INFO] access - GET /__webpack_hmr
[2017-02-23 17:34:40.811] [INFO] access - GET /__webpack_hmr
[2017-02-23 17:35:01.822] [INFO] access - GET /__webpack_hmr
[2017-02-23 17:35:22.812] [INFO] access - GET /__webpack_hmr
[2017-02-23 17:35:43.811] [INFO] access - GET /__webpack_hmr
[2017-02-23 17:36:04.797] [INFO] access - GET /__webpack_hmr
[2017-02-23 17:36:25.785] [INFO] access - GET /__webpack_hmr
[2017-02-23 17:36:46.824] [INFO] access - GET /__webpack_hmr
[2017-02-23 17:37:07.825] [INFO] access - GET /__webpack_hmr
[2017-02-23 17:37:28.790] [INFO] access - GET /__webpack_hmr
[2017-02-23 17:37:49.827] [INFO] access - GET /__webpack_hmr
[2017-02-23 17:38:10.791] [INFO] access - GET /__webpack_hmr
[2017-02-23 17:38:31.841] [INFO] access - GET /__webpack_hmr
[2017-02-23 17:38:52.805] [INFO] access - GET /__webpack_hmr
[2017-02-23 17:39:13.816] [INFO] access - GET /__webpack_hmr
[2017-02-23 17:39:34.813] [INFO] access - GET /__webpack_hmr
[2017-02-23 17:39:55.792] [INFO] access - GET /__webpack_hmr
[2017-02-23 17:40:16.788] [INFO] access - GET /__webpack_hmr
[2017-02-23 17:40:37.804] [INFO] access - GET /__webpack_hmr
[2017-02-23 17:40:58.832] [INFO] access - GET /__webpack_hmr
[2017-02-23 17:41:19.795] [INFO] access - GET /__webpack_hmr
[2017-02-23 17:41:40.856] [INFO] access - GET /__webpack_hmr
[2017-02-23 17:42:01.847] [INFO] access - GET /__webpack_hmr
[2017-02-23 17:42:22.833] [INFO] access - GET /__webpack_hmr
[2017-02-23 17:42:43.811] [INFO] access - GET /__webpack_hmr
[2017-02-23 17:43:04.831] [INFO] access - GET /__webpack_hmr
[2017-02-23 17:43:25.803] [INFO] access - GET /__webpack_hmr
[2017-02-23 17:43:46.810] [INFO] access - GET /__webpack_hmr
[2017-02-23 17:44:07.806] [INFO] access - GET /__webpack_hmr
[2017-02-23 17:44:28.811] [INFO] access - GET /__webpack_hmr
[2017-02-23 17:44:49.820] [INFO] access - GET /__webpack_hmr
[2017-02-23 17:45:03.244] [WARN] access - GET /api/roles
[2017-02-23 17:45:04.816] [WARN] access - GET /api/authorities
[2017-02-23 17:45:04.824] [INFO] access - GET /api/roles/58ae972878c838ce3c3e6983
[2017-02-23 17:45:31.829] [INFO] access - GET /__webpack_hmr
[2017-02-23 17:45:52.800] [INFO] access - GET /__webpack_hmr
[2017-02-23 17:46:13.804] [INFO] access - GET /__webpack_hmr
[2017-02-23 17:46:34.839] [INFO] access - GET /__webpack_hmr
[2017-02-23 17:46:55.822] [INFO] access - GET /__webpack_hmr
[2017-02-23 17:47:16.835] [INFO] access - GET /__webpack_hmr
[2017-02-23 17:47:37.802] [INFO] access - GET /__webpack_hmr
[2017-02-23 17:47:58.814] [INFO] access - GET /__webpack_hmr
[2017-02-23 17:48:19.819] [INFO] access - GET /__webpack_hmr
[2017-02-23 17:48:40.801] [INFO] access - GET /__webpack_hmr
[2017-02-23 17:49:01.820] [INFO] access - GET /__webpack_hmr
[2017-02-23 17:49:22.818] [INFO] access - GET /__webpack_hmr
[2017-02-23 17:49:43.812] [INFO] access - GET /__webpack_hmr
[2017-02-23 17:50:04.889] [INFO] access - GET /__webpack_hmr
[2017-02-23 17:50:25.810] [INFO] access - GET /__webpack_hmr
[2017-02-23 17:50:46.829] [INFO] access - GET /__webpack_hmr
[2017-02-23 17:51:07.840] [INFO] access - GET /__webpack_hmr
[2017-02-23 17:51:28.885] [INFO] access - GET /__webpack_hmr
[2017-02-23 17:51:49.854] [INFO] access - GET /__webpack_hmr
[2017-02-23 17:52:10.844] [INFO] access - GET /__webpack_hmr
[2017-02-23 17:52:52.829] [INFO] access - GET /__webpack_hmr
[2017-02-23 17:53:13.848] [INFO] access - GET /__webpack_hmr
[2017-02-23 17:53:34.832] [INFO] access - GET /__webpack_hmr
[2017-02-23 17:53:55.847] [INFO] access - GET /__webpack_hmr
[2017-02-23 17:54:16.837] [INFO] access - GET /__webpack_hmr
[2017-02-23 17:54:37.829] [INFO] access - GET /__webpack_hmr
[2017-02-23 17:54:58.866] [INFO] access - GET /__webpack_hmr
[2017-02-23 17:55:19.822] [INFO] access - GET /__webpack_hmr
[2017-02-23 17:55:40.815] [INFO] access - GET /__webpack_hmr
[2017-02-23 17:56:01.838] [INFO] access - GET /__webpack_hmr
[2017-02-23 17:56:22.852] [INFO] access - GET /__webpack_hmr
[2017-02-23 17:56:43.853] [INFO] access - GET /__webpack_hmr
[2017-02-23 17:57:04.841] [INFO] access - GET /__webpack_hmr
[2017-02-23 17:57:25.832] [INFO] access - GET /__webpack_hmr
[2017-02-23 17:57:46.835] [INFO] access - GET /__webpack_hmr
[2017-02-23 17:58:07.857] [INFO] access - GET /__webpack_hmr
[2017-02-23 17:58:28.852] [INFO] access - GET /__webpack_hmr
[2017-02-23 17:58:49.834] [INFO] access - GET /__webpack_hmr
[2017-02-23 17:59:10.858] [INFO] access - GET /__webpack_hmr
[2017-02-23 17:59:31.889] [INFO] access - GET /__webpack_hmr
[2017-02-23 17:59:52.831] [INFO] access - GET /__webpack_hmr
