[2017-02-23 16:00:14.743] [INFO] access - GET /__webpack_hmr
[2017-02-23 16:00:34.795] [INFO] access - GET /__webpack_hmr
[2017-02-23 16:00:54.862] [INFO] access - GET /__webpack_hmr
[2017-02-23 16:01:34.998] [INFO] access - GET /__webpack_hmr
[2017-02-23 16:01:55.029] [INFO] access - GET /__webpack_hmr
[2017-02-23 16:02:03.739] [WARN] access - GET /api/roles
[2017-02-23 16:02:05.143] [WARN] access - GET /api/authorities
[2017-02-23 16:02:05.151] [WARN] access - GET /api/roles/58a3dfc6bf3da8010c4435ea
[2017-02-23 16:02:15.693] [INFO] access - GET /__webpack_hmr
[2017-02-23 16:02:25.707] [WARN] access - GET /api/authorities
[2017-02-23 16:02:36.700] [INFO] access - GET /__webpack_hmr
[2017-02-23 16:02:48.219] [INFO] access - POST /api/roles
[2017-02-23 16:02:48.228] [WARN] access - GET /api/account
[2017-02-23 16:02:48.234] [WARN] access - GET /api/account
[2017-02-23 16:02:48.244] [WARN] access - GET /api/account
[2017-02-23 16:02:48.265] [INFO] access - GET /api/roles
[2017-02-23 16:02:57.675] [INFO] access - GET /__webpack_hmr
[2017-02-23 16:03:05.739] [WARN] access - GET /api/authorities
[2017-02-23 16:03:05.747] [INFO] access - GET /api/roles/58ae972878c838ce3c3e6983
[2017-02-23 16:03:12.472] [INFO] access - PUT /api/roles/58ae972878c838ce3c3e6983
[2017-02-23 16:03:12.479] [WARN] access - GET /api/account
[2017-02-23 16:03:12.487] [WARN] access - GET /api/account
[2017-02-23 16:03:12.492] [WARN] access - GET /api/account
[2017-02-23 16:03:12.514] [INFO] access - GET /api/roles
[2017-02-23 16:03:18.659] [INFO] access - GET /__webpack_hmr
[2017-02-23 16:03:38.860] [WARN] access - GET /api/authorities
[2017-02-23 16:03:38.871] [INFO] access - GET /api/roles/58ae972878c838ce3c3e6983
[2017-02-23 16:03:39.663] [INFO] access - GET /__webpack_hmr
[2017-02-23 16:03:50.787] [INFO] access - PUT /api/roles/58ae972878c838ce3c3e6983
[2017-02-23 16:03:50.798] [WARN] access - GET /api/account
[2017-02-23 16:03:50.807] [WARN] access - GET /api/account
[2017-02-23 16:03:50.813] [WARN] access - GET /api/account
[2017-02-23 16:03:50.828] [INFO] access - GET /api/roles
[2017-02-23 16:04:00.709] [INFO] access - GET /__webpack_hmr
[2017-02-23 16:04:09.514] [WARN] access - GET /api/authorities
[2017-02-23 16:04:09.523] [INFO] access - GET /api/roles/58ae972878c838ce3c3e6983
[2017-02-23 16:04:12.533] [INFO] access - PUT /api/roles/58ae972878c838ce3c3e6983
[2017-02-23 16:04:12.546] [WARN] access - GET /api/account
[2017-02-23 16:04:12.554] [WARN] access - GET /api/account
[2017-02-23 16:04:12.562] [WARN] access - GET /api/account
[2017-02-23 16:04:12.577] [INFO] access - GET /api/roles
[2017-02-23 16:04:38.021] [WARN] access - GET /api/authorities
[2017-02-23 16:04:38.032] [INFO] access - GET /api/roles/58ae972878c838ce3c3e6983
[2017-02-23 16:04:42.683] [INFO] access - GET /__webpack_hmr
[2017-02-23 16:05:03.710] [INFO] access - GET /__webpack_hmr
[2017-02-23 16:05:05.816] [INFO] access - PUT /api/roles/58ae972878c838ce3c3e6983
[2017-02-23 16:05:05.830] [WARN] access - GET /api/account
[2017-02-23 16:05:05.842] [WARN] access - GET /api/account
[2017-02-23 16:05:05.848] [WARN] access - GET /api/account
[2017-02-23 16:05:05.863] [INFO] access - GET /api/roles
[2017-02-23 16:05:24.433] [WARN] access - GET /api/authorities
[2017-02-23 16:05:24.444] [INFO] access - GET /api/roles/58ae972878c838ce3c3e6983
[2017-02-23 16:05:24.689] [INFO] access - GET /__webpack_hmr
[2017-02-23 16:05:45.696] [INFO] access - GET /__webpack_hmr
[2017-02-23 16:05:47.970] [INFO] access - PUT /api/roles/58ae972878c838ce3c3e6983
[2017-02-23 16:05:47.983] [WARN] access - GET /api/account
[2017-02-23 16:05:47.992] [WARN] access - GET /api/account
[2017-02-23 16:05:48.002] [WARN] access - GET /api/account
[2017-02-23 16:05:48.021] [INFO] access - GET /api/roles
[2017-02-23 16:06:06.714] [INFO] access - GET /__webpack_hmr
[2017-02-23 16:06:08.766] [WARN] access - GET /api/authorities
[2017-02-23 16:06:08.779] [INFO] access - GET /api/roles/58ae972878c838ce3c3e6983
[2017-02-23 16:06:27.712] [INFO] access - GET /__webpack_hmr
[2017-02-23 16:06:29.683] [INFO] access - PUT /api/roles/58ae972878c838ce3c3e6983
[2017-02-23 16:06:29.700] [WARN] access - GET /api/account
[2017-02-23 16:06:29.708] [WARN] access - GET /api/account
[2017-02-23 16:06:29.716] [WARN] access - GET /api/account
[2017-02-23 16:06:29.736] [INFO] access - GET /api/roles
[2017-02-23 16:06:48.713] [INFO] access - GET /__webpack_hmr
[2017-02-23 16:07:09.678] [INFO] access - GET /__webpack_hmr
[2017-02-23 16:07:11.723] [WARN] access - GET /api/authorities
[2017-02-23 16:07:11.733] [INFO] access - GET /api/roles/58ae972878c838ce3c3e6983
[2017-02-23 16:07:15.196] [INFO] access - PUT /api/roles/58ae972878c838ce3c3e6983
[2017-02-23 16:07:15.207] [WARN] access - GET /api/account
[2017-02-23 16:07:15.218] [WARN] access - GET /api/account
[2017-02-23 16:07:15.225] [WARN] access - GET /api/account
[2017-02-23 16:07:15.249] [INFO] access - GET /api/roles
[2017-02-23 16:07:30.692] [INFO] access - GET /__webpack_hmr
[2017-02-23 16:07:51.707] [INFO] access - GET /__webpack_hmr
[2017-02-23 16:08:12.710] [INFO] access - GET /__webpack_hmr
[2017-02-23 16:08:33.715] [INFO] access - GET /__webpack_hmr
[2017-02-23 16:08:54.711] [INFO] access - GET /__webpack_hmr
[2017-02-23 16:09:15.692] [INFO] access - GET /__webpack_hmr
[2017-02-23 16:09:30.961] [WARN] access - GET /
[2017-02-23 16:09:30.974] [WARN] access - GET /themes/default/assets/js/jquery-2.2.1.min.js
[2017-02-23 16:09:30.976] [WARN] access - GET /themes/default/assets/css/main.css
[2017-02-23 16:09:30.978] [WARN] access - GET /themes/default/assets/css/bootstrap.min.css
[2017-02-23 16:09:30.979] [WARN] access - GET /themes/default/assets/js/bootstrap.min.js
[2017-02-23 16:09:31.061] [WARN] access - GET /themes/default/assets/img/logo.png
[2017-02-23 16:09:34.127] [WARN] access - GET /themes/default/assets/css/bootstrap.min.css
[2017-02-23 16:09:34.128] [WARN] access - GET /themes/default/assets/css/main.css
[2017-02-23 16:09:34.268] [INFO] access - GET /themes/default/assets/css/bootstrap.min.css.map
[2017-02-23 16:09:36.689] [INFO] access - GET /__webpack_hmr
[2017-02-23 16:09:37.435] [WARN] access - GET /
[2017-02-23 16:09:37.450] [WARN] access - GET /themes/default/assets/css/main.css
[2017-02-23 16:09:37.452] [WARN] access - GET /themes/default/assets/css/bootstrap.min.css
[2017-02-23 16:09:37.453] [WARN] access - GET /themes/default/assets/js/jquery-2.2.1.min.js
[2017-02-23 16:09:37.455] [WARN] access - GET /themes/default/assets/js/bootstrap.min.js
[2017-02-23 16:09:37.529] [WARN] access - GET /themes/default/assets/img/logo.png
[2017-02-23 16:09:37.596] [WARN] access - GET /themes/default/assets/css/bootstrap.min.css.map
[2017-02-23 16:09:57.705] [INFO] access - GET /__webpack_hmr
[2017-02-23 16:09:58.885] [INFO] access - GET /aaa
[2017-02-23 16:09:58.899] [WARN] access - GET /themes/default/assets/css/main.css
[2017-02-23 16:09:58.901] [WARN] access - GET /themes/default/assets/js/bootstrap.min.js
[2017-02-23 16:09:58.903] [WARN] access - GET /themes/default/assets/js/jquery-2.2.1.min.js
[2017-02-23 16:09:58.904] [WARN] access - GET /themes/default/assets/css/bootstrap.min.css
[2017-02-23 16:09:58.910] [WARN] access - GET /themes/default/assets/img/logo.png
[2017-02-23 16:09:59.062] [WARN] access - GET /themes/default/assets/css/bootstrap.min.css.map
[2017-02-23 16:10:18.711] [INFO] access - GET /__webpack_hmr
[2017-02-23 16:10:39.683] [INFO] access - GET /__webpack_hmr
[2017-02-23 16:11:00.710] [INFO] access - GET /__webpack_hmr
[2017-02-23 16:11:21.717] [INFO] access - GET /__webpack_hmr
[2017-02-23 16:11:27.182] [WARN] access - GET /api/admin-users
[2017-02-23 16:11:32.557] [WARN] access - GET /api/roles
[2017-02-23 16:11:32.570] [INFO] access - GET /api/admin-users/58a3dfdfbf3da8010c4435eb
[2017-02-23 16:11:39.938] [INFO] access - PUT /api/admin-users/58a3dfdfbf3da8010c4435eb
[2017-02-23 16:11:39.945] [WARN] access - GET /api/account
[2017-02-23 16:11:39.951] [WARN] access - GET /api/account
[2017-02-23 16:11:39.957] [WARN] access - GET /api/account
[2017-02-23 16:11:39.975] [INFO] access - GET /api/admin-users
[2017-02-23 16:11:42.694] [INFO] access - GET /__webpack_hmr
[2017-02-23 16:11:46.325] [WARN] access - GET /api/roles
[2017-02-23 16:11:46.328] [INFO] access - GET /api/admin-users/58a3dfdfbf3da8010c4435eb
[2017-02-23 16:11:56.934] [INFO] access - PUT /api/admin-users/58a3dfdfbf3da8010c4435eb
[2017-02-23 16:11:56.942] [WARN] access - GET /api/account
[2017-02-23 16:11:56.947] [WARN] access - GET /api/account
[2017-02-23 16:11:56.954] [WARN] access - GET /api/account
[2017-02-23 16:11:56.976] [WARN] access - GET /api/admin-users
[2017-02-23 16:12:03.684] [INFO] access - GET /__webpack_hmr
[2017-02-23 16:12:04.410] [INFO] access - PUT /api/account/sign-out
[2017-02-23 16:12:04.424] [WARN] access - GET /api/install
[2017-02-23 16:12:04.450] [WARN] access - GET /api/account/captcha
[2017-02-23 16:12:04.491] [WARN] access - GET /1
[2017-02-23 16:12:21.031] [INFO] access - PUT /api/account/sign-in
[2017-02-23 16:12:21.104] [INFO] access - PUT /api/statistics
[2017-02-23 16:12:21.125] [INFO] access - GET /api/account
[2017-02-23 16:12:21.130] [WARN] access - GET /api/account
[2017-02-23 16:12:21.135] [WARN] access - GET /api/dashboard
[2017-02-23 16:12:21.136] [WARN] access - GET /api/categories
[2017-02-23 16:12:24.714] [INFO] access - GET /__webpack_hmr
[2017-02-23 16:12:45.688] [INFO] access - GET /__webpack_hmr
[2017-02-23 16:13:06.695] [INFO] access - GET /__webpack_hmr
[2017-02-23 16:13:27.728] [WARN] access - GET /api/admin-users
[2017-02-23 16:13:32.844] [WARN] access - GET /api/categories/58a3e087bf3da8010c4435ed
[2017-02-23 16:13:32.851] [WARN] access - GET /api/contents?_id=58a3e087bf3da8010c4435ed&currentPage=1&deleted=false&pageSize=20
[2017-02-23 16:13:32.864] [WARN] access - GET /api/contents?_id=58a3e087bf3da8010c4435ed&currentPage=1&deleted=false&pageSize=20
[2017-02-23 16:13:35.079] [INFO] access - GET /aaa/nei-rong-biao-ti
[2017-02-23 16:13:35.093] [WARN] access - GET /themes/default/assets/css/bootstrap.min.css
[2017-02-23 16:13:35.094] [WARN] access - GET /themes/default/assets/css/main.css
[2017-02-23 16:13:35.096] [WARN] access - GET /themes/default/assets/js/jquery-2.2.1.min.js
[2017-02-23 16:13:35.096] [WARN] access - GET /themes/default/assets/js/bootstrap.min.js
[2017-02-23 16:13:35.100] [WARN] access - GET /themes/default/assets/img/logo.png
[2017-02-23 16:13:48.707] [INFO] access - GET /__webpack_hmr
[2017-02-23 16:13:50.077] [INFO] access - GET /api/features
[2017-02-23 16:13:50.078] [WARN] access - GET /api/models?type=feature
[2017-02-23 16:13:52.636] [INFO] access - GET /api/contents?currentPage=1&deleted=true&pageSize=20
[2017-02-23 16:13:52.648] [WARN] access - GET /api/contents?currentPage=1&deleted=true&pageSize=20
[2017-02-23 16:13:54.593] [WARN] access - GET /api/categories/58a3e087bf3da8010c4435ed
[2017-02-23 16:13:54.601] [INFO] access - GET /api/contents?_id=58a3e087bf3da8010c4435ed&currentPage=1&deleted=false&pageSize=20
[2017-02-23 16:13:54.613] [WARN] access - GET /api/contents?_id=58a3e087bf3da8010c4435ed&currentPage=1&deleted=false&pageSize=20
[2017-02-23 16:14:01.976] [WARN] access - GET /api/admin-users
[2017-02-23 16:14:09.700] [INFO] access - GET /__webpack_hmr
[2017-02-23 16:14:30.715] [INFO] access - GET /__webpack_hmr
[2017-02-23 16:14:50.112] [INFO] access - PUT /api/account/sign-out
[2017-02-23 16:14:50.127] [WARN] access - GET /api/install
[2017-02-23 16:14:50.157] [WARN] access - GET /api/account/captcha
[2017-02-23 16:14:50.197] [WARN] access - GET /1
[2017-02-23 16:14:51.703] [INFO] access - GET /__webpack_hmr
[2017-02-23 16:14:59.823] [INFO] access - PUT /api/account/sign-in
[2017-02-23 16:14:59.876] [INFO] access - PUT /api/statistics
[2017-02-23 16:14:59.911] [INFO] access - GET /api/dashboard
[2017-02-23 16:14:59.913] [INFO] access - GET /api/account
[2017-02-23 16:14:59.914] [WARN] access - GET /api/categories
[2017-02-23 16:14:59.920] [WARN] access - GET /api/account
[2017-02-23 16:15:12.715] [INFO] access - GET /__webpack_hmr
[2017-02-23 16:15:33.716] [INFO] access - GET /__webpack_hmr
[2017-02-23 16:15:48.154] [WARN] access - GET /api/roles
[2017-02-23 16:15:51.364] [WARN] access - GET /api/authorities
[2017-02-23 16:15:51.378] [INFO] access - GET /api/roles/58ae972878c838ce3c3e6983
[2017-02-23 16:15:54.727] [INFO] access - GET /__webpack_hmr
[2017-02-23 16:16:15.710] [INFO] access - GET /__webpack_hmr
[2017-02-23 16:16:30.659] [WARN] access - GET /assets/admin/main.js
[2017-02-23 16:16:36.718] [INFO] access - GET /__webpack_hmr
[2017-02-23 16:16:57.722] [INFO] access - GET /__webpack_hmr
[2017-02-23 16:17:18.729] [INFO] access - GET /__webpack_hmr
[2017-02-23 16:18:00.716] [INFO] access - GET /__webpack_hmr
[2017-02-23 16:18:21.714] [INFO] access - GET /__webpack_hmr
[2017-02-23 16:18:24.756] [WARN] access - GET /api/models?type=content
[2017-02-23 16:18:27.003] [WARN] access - GET /api/models?type=feature
[2017-02-23 16:18:42.718] [INFO] access - GET /__webpack_hmr
[2017-02-23 16:19:03.716] [INFO] access - GET /__webpack_hmr
[2017-02-23 16:19:24.716] [INFO] access - GET /__webpack_hmr
[2017-02-23 16:19:45.719] [INFO] access - GET /__webpack_hmr
[2017-02-23 16:20:06.732] [INFO] access - GET /__webpack_hmr
[2017-02-23 16:20:27.729] [INFO] access - GET /__webpack_hmr
[2017-02-23 16:20:48.712] [INFO] access - GET /__webpack_hmr
[2017-02-23 16:21:09.717] [INFO] access - GET /__webpack_hmr
[2017-02-23 16:21:30.741] [INFO] access - GET /__webpack_hmr
[2017-02-23 16:21:51.732] [INFO] access - GET /__webpack_hmr
[2017-02-23 16:22:12.739] [INFO] access - GET /__webpack_hmr
[2017-02-23 16:22:33.736] [INFO] access - GET /__webpack_hmr
[2017-02-23 16:22:54.731] [INFO] access - GET /__webpack_hmr
[2017-02-23 16:23:15.719] [INFO] access - GET /__webpack_hmr
[2017-02-23 16:23:36.729] [INFO] access - GET /__webpack_hmr
[2017-02-23 16:24:18.715] [INFO] access - GET /__webpack_hmr
[2017-02-23 16:24:39.708] [INFO] access - GET /__webpack_hmr
[2017-02-23 16:25:00.722] [INFO] access - GET /__webpack_hmr
[2017-02-23 16:25:21.711] [INFO] access - GET /__webpack_hmr
[2017-02-23 16:25:42.722] [INFO] access - GET /__webpack_hmr
[2017-02-23 16:26:03.709] [INFO] access - GET /__webpack_hmr
[2017-02-23 16:26:24.718] [INFO] access - GET /__webpack_hmr
[2017-02-23 16:26:45.729] [INFO] access - GET /__webpack_hmr
[2017-02-23 16:27:06.697] [INFO] access - GET /__webpack_hmr
[2017-02-23 16:27:27.736] [INFO] access - GET /__webpack_hmr
[2017-02-23 16:27:48.736] [INFO] access - GET /__webpack_hmr
[2017-02-23 16:28:09.708] [INFO] access - GET /__webpack_hmr
[2017-02-23 16:28:30.722] [INFO] access - GET /__webpack_hmr
[2017-02-23 16:28:51.718] [INFO] access - GET /__webpack_hmr
[2017-02-23 16:29:12.730] [INFO] access - GET /__webpack_hmr
[2017-02-23 16:29:33.724] [INFO] access - GET /__webpack_hmr
[2017-02-23 16:29:54.733] [INFO] access - GET /__webpack_hmr
[2017-02-23 16:30:15.748] [INFO] access - GET /__webpack_hmr
[2017-02-23 16:30:36.742] [INFO] access - GET /__webpack_hmr
[2017-02-23 16:30:57.715] [INFO] access - GET /__webpack_hmr
[2017-02-23 16:31:18.736] [INFO] access - GET /__webpack_hmr
[2017-02-23 16:31:39.742] [INFO] access - GET /__webpack_hmr
[2017-02-23 16:32:00.713] [INFO] access - GET /__webpack_hmr
[2017-02-23 16:32:21.724] [INFO] access - GET /__webpack_hmr
[2017-02-23 16:32:42.746] [INFO] access - GET /__webpack_hmr
[2017-02-23 16:33:03.744] [INFO] access - GET /__webpack_hmr
[2017-02-23 16:33:24.740] [INFO] access - GET /__webpack_hmr
[2017-02-23 16:33:45.730] [INFO] access - GET /__webpack_hmr
[2017-02-23 16:34:06.765] [INFO] access - GET /__webpack_hmr
[2017-02-23 16:34:27.708] [INFO] access - GET /__webpack_hmr
[2017-02-23 16:34:48.725] [INFO] access - GET /__webpack_hmr
[2017-02-23 16:35:09.725] [INFO] access - GET /__webpack_hmr
[2017-02-23 16:35:30.716] [INFO] access - GET /__webpack_hmr
[2017-02-23 16:35:51.706] [INFO] access - GET /__webpack_hmr
[2017-02-23 16:36:12.707] [INFO] access - GET /__webpack_hmr
[2017-02-23 16:36:33.758] [INFO] access - GET /__webpack_hmr
[2017-02-23 16:36:54.704] [INFO] access - GET /__webpack_hmr
[2017-02-23 16:37:15.703] [INFO] access - GET /__webpack_hmr
[2017-02-23 16:37:36.718] [INFO] access - GET /__webpack_hmr
[2017-02-23 16:37:57.746] [INFO] access - GET /__webpack_hmr
[2017-02-23 16:38:18.730] [INFO] access - GET /__webpack_hmr
[2017-02-23 16:38:39.749] [INFO] access - GET /__webpack_hmr
[2017-02-23 16:39:00.724] [INFO] access - GET /__webpack_hmr
[2017-02-23 16:39:21.746] [INFO] access - GET /__webpack_hmr
[2017-02-23 16:40:03.742] [INFO] access - GET /__webpack_hmr
[2017-02-23 16:40:24.731] [INFO] access - GET /__webpack_hmr
[2017-02-23 16:40:45.711] [INFO] access - GET /__webpack_hmr
[2017-02-23 16:41:06.746] [INFO] access - GET /__webpack_hmr
[2017-02-23 16:41:27.747] [INFO] access - GET /__webpack_hmr
[2017-02-23 16:41:48.733] [INFO] access - GET /__webpack_hmr
[2017-02-23 16:42:09.750] [INFO] access - GET /__webpack_hmr
[2017-02-23 16:42:30.750] [INFO] access - GET /__webpack_hmr
[2017-02-23 16:42:51.795] [INFO] access - GET /__webpack_hmr
[2017-02-23 16:43:12.754] [INFO] access - GET /__webpack_hmr
[2017-02-23 16:43:33.748] [INFO] access - GET /__webpack_hmr
[2017-02-23 16:43:54.760] [INFO] access - GET /__webpack_hmr
[2017-02-23 16:44:15.747] [INFO] access - GET /__webpack_hmr
[2017-02-23 16:44:36.716] [INFO] access - GET /__webpack_hmr
[2017-02-23 16:44:57.749] [INFO] access - GET /__webpack_hmr
[2017-02-23 16:45:18.751] [INFO] access - GET /__webpack_hmr
[2017-02-23 16:45:39.732] [INFO] access - GET /__webpack_hmr
[2017-02-23 16:46:00.764] [INFO] access - GET /__webpack_hmr
[2017-02-23 16:46:21.727] [INFO] access - GET /__webpack_hmr
[2017-02-23 16:46:42.722] [INFO] access - GET /__webpack_hmr
[2017-02-23 16:47:04.126] [INFO] access - GET /__webpack_hmr
[2017-02-23 16:47:24.727] [INFO] access - GET /__webpack_hmr
[2017-02-23 16:47:46.507] [INFO] access - GET /__webpack_hmr
[2017-02-23 16:48:06.721] [INFO] access - GET /__webpack_hmr
[2017-02-23 16:48:28.345] [INFO] access - GET /__webpack_hmr
[2017-02-23 16:48:49.342] [INFO] access - GET /__webpack_hmr
[2017-02-23 16:49:11.282] [INFO] access - GET /__webpack_hmr
[2017-02-23 16:49:32.378] [INFO] access - GET /__webpack_hmr
[2017-02-23 16:49:53.782] [INFO] access - GET /__webpack_hmr
[2017-02-23 16:50:14.742] [INFO] access - GET /__webpack_hmr
[2017-02-23 16:50:35.734] [INFO] access - GET /__webpack_hmr
[2017-02-23 16:50:56.778] [INFO] access - GET /__webpack_hmr
[2017-02-23 16:51:17.729] [INFO] access - GET /__webpack_hmr
[2017-02-23 16:51:38.743] [INFO] access - GET /__webpack_hmr
[2017-02-23 16:51:59.738] [INFO] access - GET /__webpack_hmr
[2017-02-23 16:52:20.803] [INFO] access - GET /__webpack_hmr
[2017-02-23 16:52:41.733] [INFO] access - GET /__webpack_hmr
[2017-02-23 16:53:02.734] [INFO] access - GET /__webpack_hmr
[2017-02-23 16:53:23.756] [INFO] access - GET /__webpack_hmr
[2017-02-23 16:53:44.763] [INFO] access - GET /__webpack_hmr
[2017-02-23 16:54:05.730] [INFO] access - GET /__webpack_hmr
[2017-02-23 16:54:47.745] [INFO] access - GET /__webpack_hmr
[2017-02-23 16:55:08.731] [INFO] access - GET /__webpack_hmr
[2017-02-23 16:55:29.742] [INFO] access - GET /__webpack_hmr
[2017-02-23 16:55:50.772] [INFO] access - GET /__webpack_hmr
[2017-02-23 16:56:11.780] [INFO] access - GET /__webpack_hmr
[2017-02-23 16:56:32.731] [INFO] access - GET /__webpack_hmr
[2017-02-23 16:56:53.761] [INFO] access - GET /__webpack_hmr
[2017-02-23 16:57:14.759] [INFO] access - GET /__webpack_hmr
[2017-02-23 16:57:35.754] [INFO] access - GET /__webpack_hmr
[2017-02-23 16:57:56.759] [INFO] access - GET /__webpack_hmr
[2017-02-23 16:58:17.753] [INFO] access - GET /__webpack_hmr
[2017-02-23 16:58:38.775] [INFO] access - GET /__webpack_hmr
[2017-02-23 16:58:59.755] [INFO] access - GET /__webpack_hmr
[2017-02-23 16:59:20.769] [INFO] access - GET /__webpack_hmr
[2017-02-23 16:59:41.759] [INFO] access - GET /__webpack_hmr
