[2017-02-24 14:57:25.751] [WARN] access - GET /api/site-info
[2017-02-24 14:57:27.104] [WARN] access - GET /api/categories
[2017-02-24 14:57:31.374] [WARN] access - GET /api/models?type=content
[2017-02-24 14:57:31.375] [INFO] access - GET /api/views
[2017-02-24 14:57:40.455] [INFO] access - GET /__webpack_hmr
[2017-02-24 14:57:50.370] [WARN] access - GET /api/views
[2017-02-24 14:57:50.371] [WARN] access - GET /api/models?type=content
[2017-02-24 14:58:01.423] [INFO] access - GET /__webpack_hmr
[2017-02-24 14:58:05.181] [INFO] access - GET /api/categories?path=%2Fabc
[2017-02-24 14:58:08.556] [INFO] access - POST /api/categories
[2017-02-24 14:58:08.566] [INFO] access - GET /api/categories
[2017-02-24 14:58:08.576] [WARN] access - GET /api/categories
[2017-02-24 14:58:17.789] [WARN] access - GET /api/views
[2017-02-24 14:58:17.790] [WARN] access - GET /api/models?type=content
[2017-02-24 14:58:22.443] [INFO] access - GET /__webpack_hmr
[2017-02-24 14:58:43.453] [INFO] access - GET /__webpack_hmr
[2017-02-24 14:59:04.426] [INFO] access - GET /__webpack_hmr
[2017-02-24 14:59:17.082] [INFO] access - POST /api/categories
[2017-02-24 14:59:17.099] [INFO] access - GET /api/categories
[2017-02-24 14:59:17.110] [WARN] access - GET /api/categories
[2017-02-24 14:59:25.422] [INFO] access - GET /__webpack_hmr
[2017-02-24 14:59:31.515] [INFO] access - GET /assets/admin/vendor.css
[2017-02-24 14:59:31.525] [INFO] access - GET /assets/admin/main.css
[2017-02-24 14:59:46.396] [INFO] access - GET /__webpack_hmr
[2017-02-24 14:59:50.543] [WARN] access - GET /api/models?type=content
[2017-02-24 14:59:50.546] [WARN] access - GET /api/views
