[2017-02-23 15:43:49.951] [INFO] access - GET /__webpack_hmr
[2017-02-23 15:44:02.064] [INFO] access - GET /
[2017-02-23 15:44:02.079] [INFO] access - GET /themes/default/assets/css/main.css
[2017-02-23 15:44:02.082] [INFO] access - GET /themes/default/assets/js/bootstrap.min.js
[2017-02-23 15:44:02.085] [INFO] access - GET /themes/default/assets/css/bootstrap.min.css
[2017-02-23 15:44:02.093] [INFO] access - GET /themes/default/assets/js/jquery-2.2.1.min.js
[2017-02-23 15:44:02.096] [INFO] access - GET /themes/default/assets/img/logo.png
[2017-02-23 15:44:09.999] [INFO] access - GET /__webpack_hmr
[2017-02-23 15:44:19.981] [INFO] access - GET /admin
[2017-02-23 15:44:20.105] [INFO] access - GET /assets/admin/main.css
[2017-02-23 15:44:20.113] [INFO] access - GET /assets/admin/main.js
[2017-02-23 15:44:20.147] [INFO] access - GET /assets/admin/vendor.css
[2017-02-23 15:44:20.151] [INFO] access - GET /assets/admin/views.js
[2017-02-23 15:44:20.208] [INFO] access - GET /assets/admin/vendor.js
[2017-02-23 15:44:20.362] [INFO] access - GET /api/install
[2017-02-23 15:44:20.786] [INFO] access - GET /assets/admin/images/logo-lg.png
[2017-02-23 15:44:20.888] [INFO] access - GET /assets/admin/fonts/fontawesome-webfont.woff2?v=4.6.1
[2017-02-23 15:44:20.972] [INFO] access - GET /api/account/captcha
[2017-02-23 15:44:21.215] [INFO] access - GET /1
[2017-02-23 15:44:30.704] [INFO] access - GET /__webpack_hmr
[2017-02-23 15:44:51.698] [INFO] access - GET /__webpack_hmr
[2017-02-23 15:44:56.361] [INFO] access - PUT /api/account/sign-in
[2017-02-23 15:44:56.757] [INFO] access - PUT /api/statistics
[2017-02-23 15:44:56.783] [INFO] access - GET /api/dashboard
[2017-02-23 15:44:56.952] [INFO] access - GET /assets/admin/images/logo.png
[2017-02-23 15:44:57.435] [INFO] access - GET /api/account
[2017-02-23 15:44:57.439] [INFO] access - GET /api/categories
[2017-02-23 15:44:57.467] [WARN] access - GET /api/account
[2017-02-23 15:45:08.750] [INFO] access - GET /api/roles
[2017-02-23 15:45:12.683] [INFO] access - GET /__webpack_hmr
[2017-02-23 15:45:14.174] [INFO] access - GET /api/authorities
[2017-02-23 15:45:14.183] [INFO] access - GET /api/roles/58a3dfc6bf3da8010c4435ea
[2017-02-23 15:45:24.344] [WARN] access - GET /assets/admin/vendor.css
[2017-02-23 15:45:24.346] [WARN] access - GET /assets/admin/main.css
[2017-02-23 15:45:54.665] [INFO] access - GET /__webpack_hmr
[2017-02-23 15:46:15.641] [INFO] access - GET /__webpack_hmr
[2017-02-23 15:46:57.656] [INFO] access - GET /__webpack_hmr
[2017-02-23 15:47:18.654] [INFO] access - GET /__webpack_hmr
[2017-02-23 15:47:39.691] [INFO] access - GET /__webpack_hmr
[2017-02-23 15:48:00.667] [INFO] access - GET /__webpack_hmr
[2017-02-23 15:48:21.683] [INFO] access - GET /__webpack_hmr
[2017-02-23 15:48:42.685] [INFO] access - GET /__webpack_hmr
[2017-02-23 15:49:13.673] [INFO] access - GET /api/admin-users
[2017-02-23 15:49:21.802] [WARN] access - GET /api/roles
[2017-02-23 15:49:23.861] [WARN] access - GET /api/authorities
[2017-02-23 15:49:23.870] [WARN] access - GET /api/roles/58a3dfc6bf3da8010c4435ea
[2017-02-23 15:49:24.671] [INFO] access - GET /__webpack_hmr
[2017-02-23 15:49:45.673] [INFO] access - GET /__webpack_hmr
[2017-02-23 15:50:06.222] [INFO] access - GET /api/site-info
[2017-02-23 15:50:06.653] [INFO] access - GET /__webpack_hmr
[2017-02-23 15:50:24.815] [INFO] access - GET /api/models?type=content
[2017-02-23 15:50:25.803] [INFO] access - GET /api/models?type=feature
[2017-02-23 15:50:26.442] [WARN] access - GET /api/roles
[2017-02-23 15:50:27.023] [WARN] access - GET /api/admin-users
[2017-02-23 15:50:27.694] [INFO] access - GET /__webpack_hmr
[2017-02-23 15:50:30.176] [WARN] access - GET /api/site-info
[2017-02-23 15:50:37.724] [WARN] access - GET /api/models?type=content
[2017-02-23 15:50:38.882] [WARN] access - GET /api/models?type=feature
[2017-02-23 15:50:40.038] [WARN] access - GET /api/roles
[2017-02-23 15:50:41.998] [WARN] access - GET /api/authorities
[2017-02-23 15:50:42.006] [WARN] access - GET /api/roles/58a3dfc6bf3da8010c4435ea
[2017-02-23 15:50:48.672] [INFO] access - GET /__webpack_hmr
[2017-02-23 15:51:09.703] [INFO] access - GET /__webpack_hmr
[2017-02-23 15:51:30.701] [INFO] access - GET /__webpack_hmr
[2017-02-23 15:51:37.975] [INFO] access - GET /api/media?currentPage=1&pageSize=20
[2017-02-23 15:51:45.393] [WARN] access - GET /api/categories
[2017-02-23 15:51:48.200] [WARN] access - GET /api/media?currentPage=1&pageSize=20
[2017-02-23 15:51:51.683] [INFO] access - GET /__webpack_hmr
[2017-02-23 15:51:53.106] [WARN] access - GET /api/categories
[2017-02-23 15:51:59.428] [INFO] access - GET /api/categories/58a3e087bf3da8010c4435ed
[2017-02-23 15:51:59.505] [INFO] access - GET /api/contents?_id=58a3e087bf3da8010c4435ed&currentPage=1&deleted=false&pageSize=20
[2017-02-23 15:51:59.527] [WARN] access - GET /api/contents?_id=58a3e087bf3da8010c4435ed&currentPage=1&deleted=false&pageSize=20
[2017-02-23 15:52:02.506] [INFO] access - GET /api/media?currentPage=1&pageSize=9
[2017-02-23 15:52:12.681] [INFO] access - GET /__webpack_hmr
[2017-02-23 15:52:33.686] [INFO] access - GET /__webpack_hmr
[2017-02-23 15:52:54.684] [INFO] access - GET /__webpack_hmr
[2017-02-23 15:53:15.654] [INFO] access - GET /__webpack_hmr
[2017-02-23 15:53:36.678] [INFO] access - GET /__webpack_hmr
[2017-02-23 15:53:57.690] [INFO] access - GET /__webpack_hmr
[2017-02-23 15:54:18.697] [INFO] access - GET /__webpack_hmr
[2017-02-23 15:54:39.717] [INFO] access - GET /__webpack_hmr
[2017-02-23 15:55:00.708] [INFO] access - GET /__webpack_hmr
[2017-02-23 15:55:21.699] [INFO] access - GET /__webpack_hmr
[2017-02-23 15:55:42.703] [INFO] access - GET /__webpack_hmr
[2017-02-23 15:56:03.687] [INFO] access - GET /__webpack_hmr
[2017-02-23 15:56:24.683] [INFO] access - GET /__webpack_hmr
[2017-02-23 15:56:45.691] [INFO] access - GET /__webpack_hmr
[2017-02-23 15:57:06.688] [INFO] access - GET /__webpack_hmr
[2017-02-23 15:57:27.448] [WARN] access - GET /api/models?type=content
[2017-02-23 15:57:27.672] [INFO] access - GET /__webpack_hmr
[2017-02-23 15:57:48.698] [INFO] access - GET /__webpack_hmr
[2017-02-23 15:58:09.700] [INFO] access - GET /__webpack_hmr
[2017-02-23 15:58:20.284] [WARN] access - GET /api/models?type=feature
[2017-02-23 15:58:30.691] [INFO] access - GET /__webpack_hmr
[2017-02-23 15:58:51.735] [INFO] access - GET /__webpack_hmr
[2017-02-23 15:59:12.680] [INFO] access - GET /__webpack_hmr
[2017-02-23 15:59:18.199] [WARN] access - GET /api/roles
[2017-02-23 15:59:30.418] [WARN] access - GET /api/authorities
[2017-02-23 15:59:30.428] [WARN] access - GET /api/roles/58a3dfc6bf3da8010c4435ea
[2017-02-23 15:59:33.702] [INFO] access - GET /__webpack_hmr
[2017-02-23 15:59:52.726] [WARN] access - GET /api/admin-users
[2017-02-23 15:59:54.694] [INFO] access - GET /__webpack_hmr
