[2017-02-24 15:00:07.021] [INFO] access - GET /api/categories?path=%2Fabc%2F
[2017-02-24 15:00:07.416] [INFO] access - GET /__webpack_hmr
[2017-02-24 15:00:13.082] [INFO] access - GET /api/categories?path=%2Fabc%2Faaa
[2017-02-24 15:00:23.162] [INFO] access - GET /api/categories?path=%2Fabc%2Faaaa
[2017-02-24 15:00:28.434] [INFO] access - GET /__webpack_hmr
[2017-02-24 15:00:47.762] [INFO] access - POST /api/categories
[2017-02-24 15:00:47.779] [INFO] access - GET /api/categories
[2017-02-24 15:00:47.795] [WARN] access - GET /api/categories
[2017-02-24 15:00:49.430] [INFO] access - GET /__webpack_hmr
[2017-02-24 15:01:01.563] [INFO] access - GET /
[2017-02-24 15:01:01.575] [WARN] access - GET /themes/default/assets/css/bootstrap.min.css
[2017-02-24 15:01:01.577] [WARN] access - GET /themes/default/assets/js/jquery-2.2.1.min.js
[2017-02-24 15:01:01.578] [WARN] access - GET /themes/default/assets/js/bootstrap.min.js
[2017-02-24 15:01:01.580] [WARN] access - GET /themes/default/assets/css/main.css
[2017-02-24 15:01:01.766] [WARN] access - GET /themes/default/assets/img/logo.png
[2017-02-24 15:01:04.313] [INFO] access - GET /aaa
[2017-02-24 15:01:04.336] [WARN] access - GET /themes/default/assets/js/jquery-2.2.1.min.js
[2017-02-24 15:01:04.338] [WARN] access - GET /themes/default/assets/css/bootstrap.min.css
[2017-02-24 15:01:04.339] [WARN] access - GET /themes/default/assets/js/bootstrap.min.js
[2017-02-24 15:01:04.341] [WARN] access - GET /themes/default/assets/css/main.css
[2017-02-24 15:01:04.371] [WARN] access - GET /themes/default/assets/img/logo.png
[2017-02-24 15:01:05.685] [INFO] access - GET /abc
[2017-02-24 15:01:05.699] [WARN] access - GET /themes/default/assets/js/bootstrap.min.js
[2017-02-24 15:01:05.701] [WARN] access - GET /themes/default/assets/css/bootstrap.min.css
[2017-02-24 15:01:05.702] [WARN] access - GET /themes/default/assets/css/main.css
[2017-02-24 15:01:05.704] [WARN] access - GET /themes/default/assets/js/jquery-2.2.1.min.js
[2017-02-24 15:01:05.744] [WARN] access - GET /themes/default/assets/img/logo.png
[2017-02-24 15:01:10.427] [INFO] access - GET /__webpack_hmr
[2017-02-24 15:01:16.600] [WARN] access - GET /aaa
[2017-02-24 15:01:16.613] [WARN] access - GET /themes/default/assets/css/bootstrap.min.css
[2017-02-24 15:01:16.614] [WARN] access - GET /themes/default/assets/js/jquery-2.2.1.min.js
[2017-02-24 15:01:16.617] [WARN] access - GET /themes/default/assets/js/bootstrap.min.js
[2017-02-24 15:01:16.619] [WARN] access - GET /themes/default/assets/css/main.css
[2017-02-24 15:01:16.649] [WARN] access - GET /themes/default/assets/img/logo.png
[2017-02-24 15:01:19.653] [WARN] access - GET /abc
[2017-02-24 15:01:19.670] [WARN] access - GET /themes/default/assets/css/main.css
[2017-02-24 15:01:19.673] [WARN] access - GET /themes/default/assets/js/jquery-2.2.1.min.js
[2017-02-24 15:01:19.675] [WARN] access - GET /themes/default/assets/js/bootstrap.min.js
[2017-02-24 15:01:19.678] [WARN] access - GET /themes/default/assets/css/bootstrap.min.css
[2017-02-24 15:01:19.705] [WARN] access - GET /themes/default/assets/img/logo.png
[2017-02-24 15:01:20.667] [INFO] access - GET /abc/aaaa
[2017-02-24 15:01:20.681] [WARN] access - GET /themes/default/assets/css/bootstrap.min.css
[2017-02-24 15:01:20.683] [WARN] access - GET /themes/default/assets/css/main.css
[2017-02-24 15:01:20.684] [WARN] access - GET /themes/default/assets/js/jquery-2.2.1.min.js
[2017-02-24 15:01:20.686] [WARN] access - GET /themes/default/assets/js/bootstrap.min.js
[2017-02-24 15:01:20.729] [WARN] access - GET /themes/default/assets/img/logo.png
[2017-02-24 15:01:26.459] [WARN] access - GET /aaa
[2017-02-24 15:01:26.474] [WARN] access - GET /themes/default/assets/css/bootstrap.min.css
[2017-02-24 15:01:26.476] [WARN] access - GET /themes/default/assets/css/main.css
[2017-02-24 15:01:26.477] [WARN] access - GET /themes/default/assets/js/jquery-2.2.1.min.js
[2017-02-24 15:01:26.480] [WARN] access - GET /themes/default/assets/js/bootstrap.min.js
[2017-02-24 15:01:26.512] [WARN] access - GET /themes/default/assets/img/logo.png
[2017-02-24 15:01:29.481] [WARN] access - GET /
[2017-02-24 15:01:29.495] [WARN] access - GET /themes/default/assets/css/bootstrap.min.css
[2017-02-24 15:01:29.497] [WARN] access - GET /themes/default/assets/css/main.css
[2017-02-24 15:01:29.499] [WARN] access - GET /themes/default/assets/js/bootstrap.min.js
[2017-02-24 15:01:29.505] [WARN] access - GET /themes/default/assets/js/jquery-2.2.1.min.js
[2017-02-24 15:01:29.540] [WARN] access - GET /themes/default/assets/img/logo.png
[2017-02-24 15:01:31.426] [WARN] access - GET /aaa
[2017-02-24 15:01:31.440] [WARN] access - GET /themes/default/assets/css/bootstrap.min.css
[2017-02-24 15:01:31.442] [WARN] access - GET /themes/default/assets/css/main.css
[2017-02-24 15:01:31.445] [WARN] access - GET /themes/default/assets/js/bootstrap.min.js
[2017-02-24 15:01:31.446] [WARN] access - GET /themes/default/assets/js/jquery-2.2.1.min.js
[2017-02-24 15:01:31.481] [WARN] access - GET /themes/default/assets/img/logo.png
[2017-02-24 15:01:32.668] [WARN] access - GET /abc
[2017-02-24 15:01:32.685] [WARN] access - GET /themes/default/assets/css/bootstrap.min.css
[2017-02-24 15:01:32.687] [WARN] access - GET /themes/default/assets/js/bootstrap.min.js
[2017-02-24 15:01:32.690] [WARN] access - GET /themes/default/assets/js/jquery-2.2.1.min.js
[2017-02-24 15:01:32.697] [WARN] access - GET /themes/default/assets/css/main.css
[2017-02-24 15:01:32.734] [WARN] access - GET /themes/default/assets/img/logo.png
[2017-02-24 15:01:33.710] [WARN] access - GET /aaa
[2017-02-24 15:01:33.725] [WARN] access - GET /themes/default/assets/css/bootstrap.min.css
[2017-02-24 15:01:33.727] [WARN] access - GET /themes/default/assets/js/jquery-2.2.1.min.js
[2017-02-24 15:01:33.728] [WARN] access - GET /themes/default/assets/js/bootstrap.min.js
[2017-02-24 15:01:33.734] [WARN] access - GET /themes/default/assets/css/main.css
[2017-02-24 15:01:33.771] [WARN] access - GET /themes/default/assets/img/logo.png
[2017-02-24 15:01:34.392] [WARN] access - GET /
[2017-02-24 15:01:34.407] [WARN] access - GET /themes/default/assets/css/bootstrap.min.css
[2017-02-24 15:01:34.408] [WARN] access - GET /themes/default/assets/css/main.css
[2017-02-24 15:01:34.410] [WARN] access - GET /themes/default/assets/js/jquery-2.2.1.min.js
[2017-02-24 15:01:34.415] [WARN] access - GET /themes/default/assets/js/bootstrap.min.js
[2017-02-24 15:01:34.451] [WARN] access - GET /themes/default/assets/img/logo.png
[2017-02-24 15:01:35.209] [WARN] access - GET /aaa
[2017-02-24 15:01:35.228] [WARN] access - GET /themes/default/assets/css/bootstrap.min.css
[2017-02-24 15:01:35.231] [WARN] access - GET /themes/default/assets/css/main.css
[2017-02-24 15:01:35.232] [WARN] access - GET /themes/default/assets/js/bootstrap.min.js
[2017-02-24 15:01:35.234] [WARN] access - GET /themes/default/assets/js/jquery-2.2.1.min.js
[2017-02-24 15:01:35.285] [WARN] access - GET /themes/default/assets/img/logo.png
[2017-02-24 15:01:35.818] [WARN] access - GET /abc
[2017-02-24 15:01:35.836] [WARN] access - GET /themes/default/assets/css/bootstrap.min.css
[2017-02-24 15:01:35.840] [WARN] access - GET /themes/default/assets/js/bootstrap.min.js
[2017-02-24 15:01:35.842] [WARN] access - GET /themes/default/assets/js/jquery-2.2.1.min.js
[2017-02-24 15:01:35.843] [WARN] access - GET /themes/default/assets/css/main.css
[2017-02-24 15:01:35.888] [WARN] access - GET /themes/default/assets/img/logo.png
[2017-02-24 15:01:36.715] [WARN] access - GET /aaa
[2017-02-24 15:01:36.726] [WARN] access - GET /themes/default/assets/css/bootstrap.min.css
[2017-02-24 15:01:36.731] [WARN] access - GET /themes/default/assets/css/main.css
[2017-02-24 15:01:36.733] [WARN] access - GET /themes/default/assets/js/bootstrap.min.js
[2017-02-24 15:01:36.734] [WARN] access - GET /themes/default/assets/js/jquery-2.2.1.min.js
[2017-02-24 15:01:36.765] [WARN] access - GET /themes/default/assets/img/logo.png
[2017-02-24 15:01:37.206] [WARN] access - GET /
[2017-02-24 15:01:37.235] [WARN] access - GET /themes/default/assets/css/main.css
[2017-02-24 15:01:37.237] [WARN] access - GET /themes/default/assets/css/bootstrap.min.css
[2017-02-24 15:01:37.240] [WARN] access - GET /themes/default/assets/js/jquery-2.2.1.min.js
[2017-02-24 15:01:37.244] [WARN] access - GET /themes/default/assets/js/bootstrap.min.js
[2017-02-24 15:01:37.277] [WARN] access - GET /themes/default/assets/img/logo.png
[2017-02-24 15:01:37.883] [WARN] access - GET /aaa
[2017-02-24 15:01:37.895] [WARN] access - GET /themes/default/assets/css/bootstrap.min.css
[2017-02-24 15:01:37.897] [WARN] access - GET /themes/default/assets/js/bootstrap.min.js
[2017-02-24 15:01:37.897] [WARN] access - GET /themes/default/assets/js/jquery-2.2.1.min.js
[2017-02-24 15:01:37.903] [WARN] access - GET /themes/default/assets/css/main.css
[2017-02-24 15:01:37.940] [WARN] access - GET /themes/default/assets/img/logo.png
[2017-02-24 15:01:38.317] [WARN] access - GET /abc
[2017-02-24 15:01:38.329] [WARN] access - GET /themes/default/assets/css/main.css
[2017-02-24 15:01:38.330] [WARN] access - GET /themes/default/assets/css/bootstrap.min.css
[2017-02-24 15:01:38.331] [WARN] access - GET /themes/default/assets/js/jquery-2.2.1.min.js
[2017-02-24 15:01:38.333] [WARN] access - GET /themes/default/assets/js/bootstrap.min.js
[2017-02-24 15:01:38.380] [WARN] access - GET /themes/default/assets/img/logo.png
[2017-02-24 15:01:47.769] [WARN] access - GET /aaa
[2017-02-24 15:01:47.782] [WARN] access - GET /themes/default/assets/js/bootstrap.min.js
[2017-02-24 15:01:47.783] [WARN] access - GET /themes/default/assets/css/bootstrap.min.css
[2017-02-24 15:01:47.785] [WARN] access - GET /themes/default/assets/js/jquery-2.2.1.min.js
[2017-02-24 15:01:47.788] [WARN] access - GET /themes/default/assets/css/main.css
[2017-02-24 15:01:47.824] [WARN] access - GET /themes/default/assets/img/logo.png
[2017-02-24 15:01:48.378] [WARN] access - GET /
[2017-02-24 15:01:48.393] [WARN] access - GET /themes/default/assets/js/bootstrap.min.js
[2017-02-24 15:01:48.395] [WARN] access - GET /themes/default/assets/css/bootstrap.min.css
[2017-02-24 15:01:48.396] [WARN] access - GET /themes/default/assets/js/jquery-2.2.1.min.js
[2017-02-24 15:01:48.398] [WARN] access - GET /themes/default/assets/css/main.css
[2017-02-24 15:01:48.434] [WARN] access - GET /themes/default/assets/img/logo.png
[2017-02-24 15:01:49.313] [WARN] access - GET /aaa
[2017-02-24 15:01:49.328] [WARN] access - GET /themes/default/assets/js/jquery-2.2.1.min.js
[2017-02-24 15:01:49.330] [WARN] access - GET /themes/default/assets/css/bootstrap.min.css
[2017-02-24 15:01:49.332] [WARN] access - GET /themes/default/assets/css/main.css
[2017-02-24 15:01:49.333] [WARN] access - GET /themes/default/assets/js/bootstrap.min.js
[2017-02-24 15:01:49.381] [WARN] access - GET /themes/default/assets/img/logo.png
[2017-02-24 15:01:49.886] [WARN] access - GET /abc
[2017-02-24 15:01:49.900] [WARN] access - GET /themes/default/assets/css/bootstrap.min.css
[2017-02-24 15:01:49.902] [WARN] access - GET /themes/default/assets/js/bootstrap.min.js
[2017-02-24 15:01:49.903] [WARN] access - GET /themes/default/assets/js/jquery-2.2.1.min.js
[2017-02-24 15:01:49.905] [WARN] access - GET /themes/default/assets/css/main.css
[2017-02-24 15:01:49.938] [WARN] access - GET /themes/default/assets/img/logo.png
[2017-02-24 15:01:50.620] [WARN] access - GET /aaa
[2017-02-24 15:01:50.633] [WARN] access - GET /themes/default/assets/css/bootstrap.min.css
[2017-02-24 15:01:50.634] [WARN] access - GET /themes/default/assets/css/main.css
[2017-02-24 15:01:50.635] [WARN] access - GET /themes/default/assets/js/jquery-2.2.1.min.js
[2017-02-24 15:01:50.640] [WARN] access - GET /themes/default/assets/js/bootstrap.min.js
[2017-02-24 15:01:50.677] [WARN] access - GET /themes/default/assets/img/logo.png
[2017-02-24 15:01:51.146] [WARN] access - GET /
[2017-02-24 15:01:51.162] [WARN] access - GET /themes/default/assets/css/bootstrap.min.css
[2017-02-24 15:01:51.164] [WARN] access - GET /themes/default/assets/js/bootstrap.min.js
[2017-02-24 15:01:51.165] [WARN] access - GET /themes/default/assets/css/main.css
[2017-02-24 15:01:51.169] [WARN] access - GET /themes/default/assets/js/jquery-2.2.1.min.js
[2017-02-24 15:01:51.203] [WARN] access - GET /themes/default/assets/img/logo.png
[2017-02-24 15:01:52.428] [INFO] access - GET /__webpack_hmr
[2017-02-24 15:01:59.125] [WARN] access - GET /aaa
[2017-02-24 15:01:59.138] [WARN] access - GET /themes/default/assets/css/bootstrap.min.css
[2017-02-24 15:01:59.139] [WARN] access - GET /themes/default/assets/css/main.css
[2017-02-24 15:01:59.140] [WARN] access - GET /themes/default/assets/js/jquery-2.2.1.min.js
[2017-02-24 15:01:59.143] [WARN] access - GET /themes/default/assets/js/bootstrap.min.js
[2017-02-24 15:01:59.183] [WARN] access - GET /themes/default/assets/img/logo.png
[2017-02-24 15:02:00.353] [WARN] access - GET /
[2017-02-24 15:02:00.363] [WARN] access - GET /themes/default/assets/css/bootstrap.min.css
[2017-02-24 15:02:00.364] [WARN] access - GET /themes/default/assets/js/bootstrap.min.js
[2017-02-24 15:02:00.365] [WARN] access - GET /themes/default/assets/js/jquery-2.2.1.min.js
[2017-02-24 15:02:00.368] [WARN] access - GET /themes/default/assets/css/main.css
[2017-02-24 15:02:00.403] [WARN] access - GET /themes/default/assets/img/logo.png
[2017-02-24 15:02:01.497] [WARN] access - GET /abc
[2017-02-24 15:02:01.508] [WARN] access - GET /themes/default/assets/css/bootstrap.min.css
[2017-02-24 15:02:01.510] [WARN] access - GET /themes/default/assets/js/jquery-2.2.1.min.js
[2017-02-24 15:02:01.511] [WARN] access - GET /themes/default/assets/js/bootstrap.min.js
[2017-02-24 15:02:01.512] [WARN] access - GET /themes/default/assets/css/main.css
[2017-02-24 15:02:01.550] [WARN] access - GET /themes/default/assets/img/logo.png
[2017-02-24 15:02:06.272] [WARN] access - GET /aaa
[2017-02-24 15:02:06.289] [WARN] access - GET /themes/default/assets/css/bootstrap.min.css
[2017-02-24 15:02:06.291] [WARN] access - GET /themes/default/assets/css/main.css
[2017-02-24 15:02:06.292] [WARN] access - GET /themes/default/assets/js/bootstrap.min.js
[2017-02-24 15:02:06.294] [WARN] access - GET /themes/default/assets/js/jquery-2.2.1.min.js
[2017-02-24 15:02:06.331] [WARN] access - GET /themes/default/assets/img/logo.png
[2017-02-24 15:02:09.872] [WARN] access - GET /abc
[2017-02-24 15:02:09.887] [WARN] access - GET /themes/default/assets/css/bootstrap.min.css
[2017-02-24 15:02:09.888] [WARN] access - GET /themes/default/assets/css/main.css
[2017-02-24 15:02:09.891] [WARN] access - GET /themes/default/assets/js/jquery-2.2.1.min.js
[2017-02-24 15:02:09.892] [WARN] access - GET /themes/default/assets/js/bootstrap.min.js
[2017-02-24 15:02:09.931] [WARN] access - GET /themes/default/assets/img/logo.png
[2017-02-24 15:02:11.240] [WARN] access - GET /abc/aaaa
[2017-02-24 15:02:11.254] [WARN] access - GET /themes/default/assets/css/bootstrap.min.css
[2017-02-24 15:02:11.255] [WARN] access - GET /themes/default/assets/css/main.css
[2017-02-24 15:02:11.256] [WARN] access - GET /themes/default/assets/js/jquery-2.2.1.min.js
[2017-02-24 15:02:11.259] [WARN] access - GET /themes/default/assets/js/bootstrap.min.js
[2017-02-24 15:02:11.293] [WARN] access - GET /themes/default/assets/img/logo.png
[2017-02-24 15:02:13.432] [INFO] access - GET /__webpack_hmr
[2017-02-24 15:02:16.185] [WARN] access - GET /aaa
[2017-02-24 15:02:16.201] [WARN] access - GET /themes/default/assets/js/jquery-2.2.1.min.js
[2017-02-24 15:02:16.202] [WARN] access - GET /themes/default/assets/css/main.css
[2017-02-24 15:02:16.203] [WARN] access - GET /themes/default/assets/css/bootstrap.min.css
[2017-02-24 15:02:16.206] [WARN] access - GET /themes/default/assets/js/bootstrap.min.js
[2017-02-24 15:02:16.239] [WARN] access - GET /themes/default/assets/img/logo.png
[2017-02-24 15:02:17.067] [WARN] access - GET /
[2017-02-24 15:02:17.087] [WARN] access - GET /themes/default/assets/css/main.css
[2017-02-24 15:02:17.088] [WARN] access - GET /themes/default/assets/css/bootstrap.min.css
[2017-02-24 15:02:17.092] [WARN] access - GET /themes/default/assets/js/jquery-2.2.1.min.js
[2017-02-24 15:02:17.093] [WARN] access - GET /themes/default/assets/js/bootstrap.min.js
[2017-02-24 15:02:17.135] [WARN] access - GET /themes/default/assets/img/logo.png
[2017-02-24 15:02:30.745] [WARN] access - GET /aaa
[2017-02-24 15:02:30.762] [WARN] access - GET /themes/default/assets/css/bootstrap.min.css
[2017-02-24 15:02:30.763] [WARN] access - GET /themes/default/assets/js/jquery-2.2.1.min.js
[2017-02-24 15:02:30.765] [WARN] access - GET /themes/default/assets/css/main.css
[2017-02-24 15:02:30.767] [WARN] access - GET /themes/default/assets/js/bootstrap.min.js
[2017-02-24 15:02:30.810] [WARN] access - GET /themes/default/assets/img/logo.png
[2017-02-24 15:02:31.604] [WARN] access - GET /
[2017-02-24 15:02:31.617] [WARN] access - GET /themes/default/assets/css/bootstrap.min.css
[2017-02-24 15:02:31.618] [WARN] access - GET /themes/default/assets/css/main.css
[2017-02-24 15:02:31.619] [WARN] access - GET /themes/default/assets/js/bootstrap.min.js
[2017-02-24 15:02:31.621] [WARN] access - GET /themes/default/assets/js/jquery-2.2.1.min.js
[2017-02-24 15:02:31.661] [WARN] access - GET /themes/default/assets/img/logo.png
[2017-02-24 15:02:32.237] [WARN] access - GET /aaa
[2017-02-24 15:02:32.250] [WARN] access - GET /themes/default/assets/css/bootstrap.min.css
[2017-02-24 15:02:32.253] [WARN] access - GET /themes/default/assets/js/bootstrap.min.js
[2017-02-24 15:02:32.254] [WARN] access - GET /themes/default/assets/js/jquery-2.2.1.min.js
[2017-02-24 15:02:32.259] [WARN] access - GET /themes/default/assets/css/main.css
[2017-02-24 15:02:32.288] [WARN] access - GET /themes/default/assets/img/logo.png
[2017-02-24 15:02:32.887] [WARN] access - GET /abc
[2017-02-24 15:02:32.899] [WARN] access - GET /themes/default/assets/css/bootstrap.min.css
[2017-02-24 15:02:32.900] [WARN] access - GET /themes/default/assets/js/jquery-2.2.1.min.js
[2017-02-24 15:02:32.902] [WARN] access - GET /themes/default/assets/js/bootstrap.min.js
[2017-02-24 15:02:32.904] [WARN] access - GET /themes/default/assets/css/main.css
[2017-02-24 15:02:32.937] [WARN] access - GET /themes/default/assets/img/logo.png
[2017-02-24 15:02:33.655] [WARN] access - GET /aaa
[2017-02-24 15:02:33.668] [WARN] access - GET /themes/default/assets/css/bootstrap.min.css
[2017-02-24 15:02:33.671] [WARN] access - GET /themes/default/assets/js/bootstrap.min.js
[2017-02-24 15:02:33.673] [WARN] access - GET /themes/default/assets/js/jquery-2.2.1.min.js
[2017-02-24 15:02:33.674] [WARN] access - GET /themes/default/assets/css/main.css
[2017-02-24 15:02:33.710] [WARN] access - GET /themes/default/assets/img/logo.png
[2017-02-24 15:02:34.420] [INFO] access - GET /__webpack_hmr
[2017-02-24 15:02:34.769] [WARN] access - GET /
[2017-02-24 15:02:34.791] [WARN] access - GET /themes/default/assets/css/bootstrap.min.css
[2017-02-24 15:02:34.793] [WARN] access - GET /themes/default/assets/css/main.css
[2017-02-24 15:02:34.794] [WARN] access - GET /themes/default/assets/js/bootstrap.min.js
[2017-02-24 15:02:34.797] [WARN] access - GET /themes/default/assets/js/jquery-2.2.1.min.js
[2017-02-24 15:02:34.837] [WARN] access - GET /themes/default/assets/img/logo.png
[2017-02-24 15:02:35.384] [WARN] access - GET /abc
[2017-02-24 15:02:35.397] [WARN] access - GET /themes/default/assets/css/main.css
[2017-02-24 15:02:35.399] [WARN] access - GET /themes/default/assets/css/bootstrap.min.css
[2017-02-24 15:02:35.401] [WARN] access - GET /themes/default/assets/js/bootstrap.min.js
[2017-02-24 15:02:35.401] [WARN] access - GET /themes/default/assets/js/jquery-2.2.1.min.js
[2017-02-24 15:02:35.438] [WARN] access - GET /themes/default/assets/img/logo.png
[2017-02-24 15:02:36.723] [WARN] access - GET /abc/aaaa
[2017-02-24 15:02:36.736] [WARN] access - GET /themes/default/assets/css/bootstrap.min.css
[2017-02-24 15:02:36.739] [WARN] access - GET /themes/default/assets/js/jquery-2.2.1.min.js
[2017-02-24 15:02:36.740] [WARN] access - GET /themes/default/assets/css/main.css
[2017-02-24 15:02:36.744] [WARN] access - GET /themes/default/assets/js/bootstrap.min.js
[2017-02-24 15:02:36.773] [WARN] access - GET /themes/default/assets/img/logo.png
[2017-02-24 15:02:41.945] [WARN] access - GET /
[2017-02-24 15:02:41.960] [WARN] access - GET /themes/default/assets/css/main.css
[2017-02-24 15:02:41.961] [WARN] access - GET /themes/default/assets/js/bootstrap.min.js
[2017-02-24 15:02:41.961] [WARN] access - GET /themes/default/assets/js/jquery-2.2.1.min.js
[2017-02-24 15:02:41.963] [WARN] access - GET /themes/default/assets/css/bootstrap.min.css
[2017-02-24 15:02:41.997] [WARN] access - GET /themes/default/assets/img/logo.png
[2017-02-24 15:02:55.435] [INFO] access - GET /__webpack_hmr
[2017-02-24 15:03:08.077] [WARN] access - GET /abc
[2017-02-24 15:03:08.095] [WARN] access - GET /themes/default/assets/css/main.css
[2017-02-24 15:03:08.097] [WARN] access - GET /themes/default/assets/css/bootstrap.min.css
[2017-02-24 15:03:08.098] [WARN] access - GET /themes/default/assets/js/jquery-2.2.1.min.js
[2017-02-24 15:03:08.100] [WARN] access - GET /themes/default/assets/js/bootstrap.min.js
[2017-02-24 15:03:08.152] [WARN] access - GET /themes/default/assets/img/logo.png
[2017-02-24 15:03:16.412] [INFO] access - GET /__webpack_hmr
[2017-02-24 15:03:37.419] [INFO] access - GET /__webpack_hmr
[2017-02-24 15:03:58.425] [INFO] access - GET /__webpack_hmr
[2017-02-24 15:04:19.432] [INFO] access - GET /__webpack_hmr
[2017-02-24 15:04:38.470] [WARN] access - GET /aaa
[2017-02-24 15:04:38.486] [WARN] access - GET /themes/default/assets/js/jquery-2.2.1.min.js
[2017-02-24 15:04:38.488] [WARN] access - GET /themes/default/assets/css/bootstrap.min.css
[2017-02-24 15:04:38.489] [WARN] access - GET /themes/default/assets/css/main.css
[2017-02-24 15:04:38.491] [WARN] access - GET /themes/default/assets/js/bootstrap.min.js
[2017-02-24 15:04:38.556] [WARN] access - GET /themes/default/assets/img/logo.png
[2017-02-24 15:04:40.426] [INFO] access - GET /__webpack_hmr
[2017-02-24 15:04:41.896] [WARN] access - GET /abc
[2017-02-24 15:04:41.910] [WARN] access - GET /themes/default/assets/css/bootstrap.min.css
[2017-02-24 15:04:41.911] [WARN] access - GET /themes/default/assets/js/jquery-2.2.1.min.js
[2017-02-24 15:04:41.913] [WARN] access - GET /themes/default/assets/js/bootstrap.min.js
[2017-02-24 15:04:41.915] [WARN] access - GET /themes/default/assets/css/main.css
[2017-02-24 15:04:41.967] [WARN] access - GET /themes/default/assets/img/logo.png
[2017-02-24 15:05:01.425] [INFO] access - GET /__webpack_hmr
[2017-02-24 15:05:22.446] [INFO] access - GET /__webpack_hmr
[2017-02-24 15:05:43.443] [INFO] access - GET /__webpack_hmr
[2017-02-24 15:06:04.436] [INFO] access - GET /__webpack_hmr
[2017-02-24 15:06:09.342] [WARN] access - GET /aaa
[2017-02-24 15:06:09.356] [WARN] access - GET /themes/default/assets/js/bootstrap.min.js
[2017-02-24 15:06:09.359] [WARN] access - GET /themes/default/assets/css/bootstrap.min.css
[2017-02-24 15:06:09.360] [WARN] access - GET /themes/default/assets/css/main.css
[2017-02-24 15:06:09.361] [WARN] access - GET /themes/default/assets/js/jquery-2.2.1.min.js
[2017-02-24 15:06:09.429] [WARN] access - GET /themes/default/assets/img/logo.png
[2017-02-24 15:06:11.184] [WARN] access - GET /abc
[2017-02-24 15:06:11.205] [WARN] access - GET /themes/default/assets/css/bootstrap.min.css
[2017-02-24 15:06:11.208] [WARN] access - GET /themes/default/assets/js/jquery-2.2.1.min.js
[2017-02-24 15:06:11.213] [WARN] access - GET /themes/default/assets/css/main.css
[2017-02-24 15:06:11.214] [WARN] access - GET /themes/default/assets/js/bootstrap.min.js
[2017-02-24 15:06:11.261] [WARN] access - GET /themes/default/assets/img/logo.png
[2017-02-24 15:06:18.078] [WARN] access - GET /abc/aaaa
[2017-02-24 15:06:18.093] [WARN] access - GET /themes/default/assets/css/bootstrap.min.css
[2017-02-24 15:06:18.094] [WARN] access - GET /themes/default/assets/js/jquery-2.2.1.min.js
[2017-02-24 15:06:18.095] [WARN] access - GET /themes/default/assets/js/bootstrap.min.js
[2017-02-24 15:06:18.097] [WARN] access - GET /themes/default/assets/css/main.css
[2017-02-24 15:06:18.136] [WARN] access - GET /themes/default/assets/img/logo.png
[2017-02-24 15:06:21.578] [WARN] access - GET /abc
[2017-02-24 15:06:21.589] [WARN] access - GET /themes/default/assets/css/bootstrap.min.css
[2017-02-24 15:06:21.594] [WARN] access - GET /themes/default/assets/js/jquery-2.2.1.min.js
[2017-02-24 15:06:21.595] [WARN] access - GET /themes/default/assets/css/main.css
[2017-02-24 15:06:21.596] [WARN] access - GET /themes/default/assets/js/bootstrap.min.js
[2017-02-24 15:06:21.636] [WARN] access - GET /themes/default/assets/img/logo.png
[2017-02-24 15:06:25.414] [WARN] access - GET /
[2017-02-24 15:06:25.424] [INFO] access - GET /__webpack_hmr
[2017-02-24 15:06:25.434] [WARN] access - GET /themes/default/assets/css/main.css
[2017-02-24 15:06:25.435] [WARN] access - GET /themes/default/assets/css/bootstrap.min.css
[2017-02-24 15:06:25.437] [WARN] access - GET /themes/default/assets/js/bootstrap.min.js
[2017-02-24 15:06:25.441] [WARN] access - GET /themes/default/assets/js/jquery-2.2.1.min.js
[2017-02-24 15:06:25.481] [WARN] access - GET /themes/default/assets/img/logo.png
[2017-02-24 15:06:46.439] [INFO] access - GET /__webpack_hmr
[2017-02-24 15:06:51.300] [WARN] access - GET /api/categories/58a3e087bf3da8010c4435ed
[2017-02-24 15:06:51.301] [WARN] access - GET /api/views
[2017-02-24 15:06:51.302] [WARN] access - GET /api/models?type=content
[2017-02-24 15:06:53.856] [WARN] access - GET /api/models?type=content
[2017-02-24 15:06:53.858] [WARN] access - GET /api/views
[2017-02-24 15:07:07.447] [INFO] access - GET /__webpack_hmr
[2017-02-24 15:07:28.439] [INFO] access - GET /__webpack_hmr
[2017-02-24 15:07:49.443] [INFO] access - GET /__webpack_hmr
[2017-02-24 15:08:10.428] [INFO] access - GET /__webpack_hmr
[2017-02-24 15:08:31.439] [INFO] access - GET /__webpack_hmr
[2017-02-24 15:08:52.426] [INFO] access - GET /__webpack_hmr
[2017-02-24 15:09:13.407] [INFO] access - GET /__webpack_hmr
[2017-02-24 15:09:34.424] [INFO] access - GET /__webpack_hmr
[2017-02-24 15:09:55.429] [INFO] access - GET /__webpack_hmr
[2017-02-24 15:10:16.425] [INFO] access - GET /__webpack_hmr
[2017-02-24 15:10:37.400] [INFO] access - GET /__webpack_hmr
[2017-02-24 15:10:58.429] [INFO] access - GET /__webpack_hmr
[2017-02-24 15:11:19.417] [INFO] access - GET /__webpack_hmr
[2017-02-24 15:11:40.433] [INFO] access - GET /__webpack_hmr
[2017-02-24 15:12:01.457] [INFO] access - GET /__webpack_hmr
[2017-02-24 15:12:22.429] [INFO] access - GET /__webpack_hmr
[2017-02-24 15:12:43.401] [INFO] access - GET /__webpack_hmr
[2017-02-24 15:13:04.429] [INFO] access - GET /__webpack_hmr
[2017-02-24 15:13:25.426] [INFO] access - GET /__webpack_hmr
[2017-02-24 15:13:46.430] [INFO] access - GET /__webpack_hmr
[2017-02-24 15:14:07.430] [INFO] access - GET /__webpack_hmr
[2017-02-24 15:14:28.418] [INFO] access - GET /__webpack_hmr
[2017-02-24 15:14:49.428] [INFO] access - GET /__webpack_hmr
[2017-02-24 15:15:10.433] [INFO] access - GET /__webpack_hmr
[2017-02-24 15:15:31.434] [INFO] access - GET /__webpack_hmr
[2017-02-24 15:15:52.438] [INFO] access - GET /__webpack_hmr
[2017-02-24 15:16:13.436] [INFO] access - GET /__webpack_hmr
[2017-02-24 15:16:34.431] [INFO] access - GET /__webpack_hmr
[2017-02-24 15:16:55.396] [INFO] access - GET /__webpack_hmr
[2017-02-24 15:17:16.437] [INFO] access - GET /__webpack_hmr
[2017-02-24 15:17:37.441] [INFO] access - GET /__webpack_hmr
[2017-02-24 15:17:58.435] [INFO] access - GET /__webpack_hmr
[2017-02-24 15:18:19.430] [INFO] access - GET /__webpack_hmr
[2017-02-24 15:18:40.433] [INFO] access - GET /__webpack_hmr
[2017-02-24 15:19:01.432] [INFO] access - GET /__webpack_hmr
[2017-02-24 15:19:22.402] [INFO] access - GET /__webpack_hmr
[2017-02-24 15:19:43.437] [INFO] access - GET /__webpack_hmr
[2017-02-24 15:20:25.449] [INFO] access - GET /__webpack_hmr
[2017-02-24 15:20:46.462] [INFO] access - GET /__webpack_hmr
[2017-02-24 15:21:07.436] [INFO] access - GET /__webpack_hmr
[2017-02-24 15:21:28.445] [INFO] access - GET /__webpack_hmr
[2017-02-24 15:21:49.452] [INFO] access - GET /__webpack_hmr
[2017-02-24 15:22:10.436] [INFO] access - GET /__webpack_hmr
[2017-02-24 15:22:31.400] [INFO] access - GET /__webpack_hmr
[2017-02-24 15:22:52.406] [INFO] access - GET /__webpack_hmr
[2017-02-24 15:23:13.431] [INFO] access - GET /__webpack_hmr
[2017-02-24 15:23:34.444] [INFO] access - GET /__webpack_hmr
[2017-02-24 15:23:55.439] [INFO] access - GET /__webpack_hmr
[2017-02-24 15:24:16.479] [INFO] access - GET /__webpack_hmr
[2017-02-24 15:24:37.446] [INFO] access - GET /__webpack_hmr
[2017-02-24 15:24:58.449] [INFO] access - GET /__webpack_hmr
[2017-02-24 15:25:19.450] [INFO] access - GET /__webpack_hmr
[2017-02-24 15:25:40.449] [INFO] access - GET /__webpack_hmr
[2017-02-24 15:26:01.458] [INFO] access - GET /__webpack_hmr
[2017-02-24 15:26:22.439] [INFO] access - GET /__webpack_hmr
[2017-02-24 15:27:04.472] [INFO] access - GET /__webpack_hmr
[2017-02-24 15:27:25.435] [INFO] access - GET /__webpack_hmr
[2017-02-24 15:27:46.426] [INFO] access - GET /__webpack_hmr
[2017-02-24 15:28:07.420] [INFO] access - GET /__webpack_hmr
[2017-02-24 15:28:28.458] [INFO] access - GET /__webpack_hmr
[2017-02-24 15:28:49.437] [INFO] access - GET /__webpack_hmr
[2017-02-24 15:29:10.445] [INFO] access - GET /__webpack_hmr
[2017-02-24 15:29:31.453] [INFO] access - GET /__webpack_hmr
[2017-02-24 15:29:52.463] [INFO] access - GET /__webpack_hmr
[2017-02-24 15:30:13.442] [INFO] access - GET /__webpack_hmr
[2017-02-24 15:30:34.445] [INFO] access - GET /__webpack_hmr
[2017-02-24 15:30:55.455] [INFO] access - GET /__webpack_hmr
[2017-02-24 15:31:16.460] [INFO] access - GET /__webpack_hmr
[2017-02-24 15:31:37.436] [INFO] access - GET /__webpack_hmr
[2017-02-24 15:31:58.490] [INFO] access - GET /__webpack_hmr
[2017-02-24 15:32:19.452] [INFO] access - GET /__webpack_hmr
[2017-02-24 15:32:40.447] [INFO] access - GET /__webpack_hmr
[2017-02-24 15:33:01.460] [INFO] access - GET /__webpack_hmr
[2017-02-24 15:33:11.843] [INFO] access - GET /api/categories?path=%2F
[2017-02-24 15:33:12.687] [WARN] access - GET /api/categories?path=%2Fabc%2F
[2017-02-24 15:33:22.458] [INFO] access - GET /__webpack_hmr
[2017-02-24 15:33:36.277] [WARN] access - GET /api/models?type=content
[2017-02-24 15:33:36.280] [WARN] access - GET /api/views
[2017-02-24 15:33:43.458] [INFO] access - GET /__webpack_hmr
[2017-02-24 15:33:45.082] [INFO] access - GET /api/categories?path=%2Fabc
[2017-02-24 15:34:04.422] [INFO] access - GET /__webpack_hmr
[2017-02-24 15:34:25.433] [INFO] access - GET /__webpack_hmr
[2017-02-24 15:34:46.437] [INFO] access - GET /__webpack_hmr
[2017-02-24 15:35:07.444] [INFO] access - GET /__webpack_hmr
[2017-02-24 15:35:08.956] [WARN] access - GET /api/categories?path=%2Fabc
[2017-02-24 15:35:15.503] [INFO] access - GET /api/categories?path=%2Fabc11
[2017-02-24 15:35:28.457] [INFO] access - GET /__webpack_hmr
[2017-02-24 15:35:37.193] [WARN] access - GET /api/categories?path=%2Fabc
[2017-02-24 15:35:49.451] [INFO] access - GET /__webpack_hmr
[2017-02-24 15:36:10.464] [INFO] access - GET /__webpack_hmr
[2017-02-24 15:36:31.464] [INFO] access - GET /__webpack_hmr
[2017-02-24 15:36:52.475] [INFO] access - GET /__webpack_hmr
[2017-02-24 15:37:13.459] [INFO] access - GET /__webpack_hmr
[2017-02-24 15:37:34.438] [INFO] access - GET /__webpack_hmr
[2017-02-24 15:37:55.434] [INFO] access - GET /__webpack_hmr
[2017-02-24 15:38:16.452] [INFO] access - GET /__webpack_hmr
[2017-02-24 15:38:37.441] [INFO] access - GET /__webpack_hmr
[2017-02-24 15:38:58.424] [INFO] access - GET /__webpack_hmr
[2017-02-24 15:39:19.457] [INFO] access - GET /__webpack_hmr
[2017-02-24 15:39:40.433] [INFO] access - GET /__webpack_hmr
[2017-02-24 15:40:01.431] [INFO] access - GET /__webpack_hmr
[2017-02-24 15:40:22.469] [INFO] access - GET /__webpack_hmr
[2017-02-24 15:40:43.460] [INFO] access - GET /__webpack_hmr
[2017-02-24 15:41:04.424] [INFO] access - GET /__webpack_hmr
[2017-02-24 15:41:25.460] [INFO] access - GET /__webpack_hmr
[2017-02-24 15:41:46.426] [INFO] access - GET /__webpack_hmr
[2017-02-24 15:42:07.460] [INFO] access - GET /__webpack_hmr
[2017-02-24 15:42:28.448] [INFO] access - GET /__webpack_hmr
[2017-02-24 15:42:49.445] [INFO] access - GET /__webpack_hmr
[2017-02-24 15:43:10.447] [INFO] access - GET /__webpack_hmr
[2017-02-24 15:43:31.476] [INFO] access - GET /__webpack_hmr
[2017-02-24 15:43:52.477] [INFO] access - GET /__webpack_hmr
[2017-02-24 15:44:13.470] [INFO] access - GET /__webpack_hmr
[2017-02-24 15:44:34.498] [INFO] access - GET /__webpack_hmr
[2017-02-24 15:44:55.462] [INFO] access - GET /__webpack_hmr
[2017-02-24 15:45:16.479] [INFO] access - GET /__webpack_hmr
[2017-02-24 15:45:37.467] [INFO] access - GET /__webpack_hmr
[2017-02-24 15:45:58.465] [INFO] access - GET /__webpack_hmr
[2017-02-24 15:46:00.594] [INFO] access - GET /api/categories?path=%2F%E5%95%8A%E5%90%A7
[2017-02-24 15:46:40.506] [INFO] access - GET /__webpack_hmr
[2017-02-24 15:47:01.472] [INFO] access - GET /__webpack_hmr
[2017-02-24 15:47:22.471] [INFO] access - GET /__webpack_hmr
[2017-02-24 15:47:43.495] [INFO] access - GET /__webpack_hmr
[2017-02-24 15:48:04.488] [INFO] access - GET /__webpack_hmr
[2017-02-24 15:48:25.461] [INFO] access - GET /__webpack_hmr
[2017-02-24 15:49:07.477] [INFO] access - GET /__webpack_hmr
[2017-02-24 15:49:28.473] [INFO] access - GET /__webpack_hmr
[2017-02-24 15:49:49.445] [INFO] access - GET /__webpack_hmr
[2017-02-24 15:50:31.466] [INFO] access - GET /__webpack_hmr
[2017-02-24 15:50:52.484] [INFO] access - GET /__webpack_hmr
[2017-02-24 15:51:13.472] [INFO] access - GET /__webpack_hmr
[2017-02-24 15:51:34.459] [INFO] access - GET /__webpack_hmr
[2017-02-24 15:51:55.451] [INFO] access - GET /__webpack_hmr
[2017-02-24 15:52:16.467] [INFO] access - GET /__webpack_hmr
[2017-02-24 15:52:37.441] [INFO] access - GET /__webpack_hmr
[2017-02-24 15:52:58.471] [INFO] access - GET /__webpack_hmr
[2017-02-24 15:53:19.482] [INFO] access - GET /__webpack_hmr
[2017-02-24 15:53:40.474] [INFO] access - GET /__webpack_hmr
[2017-02-24 15:54:01.469] [INFO] access - GET /__webpack_hmr
[2017-02-24 15:54:22.471] [INFO] access - GET /__webpack_hmr
[2017-02-24 15:54:43.443] [INFO] access - GET /__webpack_hmr
[2017-02-24 15:55:04.485] [INFO] access - GET /__webpack_hmr
[2017-02-24 15:55:25.481] [INFO] access - GET /__webpack_hmr
[2017-02-24 15:55:46.472] [INFO] access - GET /__webpack_hmr
[2017-02-24 15:55:49.907] [WARN] access - GET /api/categories?path=%2F%E5%95%8A%E5%90%A7
[2017-02-24 15:56:07.496] [INFO] access - GET /__webpack_hmr
[2017-02-24 15:56:28.506] [INFO] access - GET /__webpack_hmr
[2017-02-24 15:56:49.491] [INFO] access - GET /__webpack_hmr
[2017-02-24 15:57:10.473] [INFO] access - GET /__webpack_hmr
[2017-02-24 15:57:31.468] [INFO] access - GET /__webpack_hmr
[2017-02-24 15:57:52.470] [INFO] access - GET /__webpack_hmr
[2017-02-24 15:58:13.504] [INFO] access - GET /__webpack_hmr
[2017-02-24 15:58:34.476] [INFO] access - GET /__webpack_hmr
[2017-02-24 15:58:55.468] [INFO] access - GET /__webpack_hmr
[2017-02-24 15:59:16.480] [INFO] access - GET /__webpack_hmr
[2017-02-24 15:59:37.486] [INFO] access - GET /__webpack_hmr
[2017-02-24 15:59:58.491] [INFO] access - GET /__webpack_hmr
