[2017-02-24 16:00:19.474] [INFO] access - GET /__webpack_hmr
[2017-02-24 16:00:40.486] [INFO] access - GET /__webpack_hmr
[2017-02-24 16:01:01.505] [INFO] access - GET /__webpack_hmr
[2017-02-24 16:01:22.490] [INFO] access - GET /__webpack_hmr
[2017-02-24 16:01:43.489] [INFO] access - GET /__webpack_hmr
[2017-02-24 16:02:04.492] [INFO] access - GET /__webpack_hmr
[2017-02-24 16:02:46.488] [INFO] access - GET /__webpack_hmr
[2017-02-24 16:03:07.494] [INFO] access - GET /__webpack_hmr
[2017-02-24 16:03:28.494] [INFO] access - GET /__webpack_hmr
[2017-02-24 16:03:49.491] [INFO] access - GET /__webpack_hmr
[2017-02-24 16:04:10.473] [INFO] access - GET /__webpack_hmr
[2017-02-24 16:04:31.505] [INFO] access - GET /__webpack_hmr
[2017-02-24 16:04:52.469] [INFO] access - GET /__webpack_hmr
[2017-02-24 16:05:13.485] [INFO] access - GET /__webpack_hmr
[2017-02-24 16:05:34.493] [INFO] access - GET /__webpack_hmr
[2017-02-24 16:05:55.508] [INFO] access - GET /__webpack_hmr
[2017-02-24 16:06:16.489] [INFO] access - GET /__webpack_hmr
[2017-02-24 16:06:37.498] [INFO] access - GET /__webpack_hmr
[2017-02-24 16:06:58.506] [INFO] access - GET /__webpack_hmr
[2017-02-24 16:07:19.493] [INFO] access - GET /__webpack_hmr
[2017-02-24 16:07:40.472] [INFO] access - GET /__webpack_hmr
[2017-02-24 16:08:01.496] [INFO] access - GET /__webpack_hmr
[2017-02-24 16:08:22.524] [INFO] access - GET /__webpack_hmr
[2017-02-24 16:08:26.466] [WARN] access - GET /api/categories?path=%2F%E5%95%8A%E5%90%A7
[2017-02-24 16:08:32.340] [INFO] access - GET /api/categories?path=%2Fabc%2F%E5%95%8A%E5%90%A7
[2017-02-24 16:08:43.513] [INFO] access - GET /__webpack_hmr
[2017-02-24 16:09:04.509] [INFO] access - GET /__webpack_hmr
[2017-02-24 16:09:25.492] [INFO] access - GET /__webpack_hmr
[2017-02-24 16:09:46.492] [INFO] access - GET /__webpack_hmr
[2017-02-24 16:10:07.523] [INFO] access - GET /__webpack_hmr
[2017-02-24 16:10:28.514] [INFO] access - GET /__webpack_hmr
[2017-02-24 16:10:49.504] [INFO] access - GET /__webpack_hmr
[2017-02-24 16:11:10.495] [INFO] access - GET /__webpack_hmr
[2017-02-24 16:11:31.503] [INFO] access - GET /__webpack_hmr
[2017-02-24 16:11:52.528] [INFO] access - GET /__webpack_hmr
[2017-02-24 16:12:13.507] [INFO] access - GET /__webpack_hmr
[2017-02-24 16:12:34.501] [INFO] access - GET /__webpack_hmr
[2017-02-24 16:12:55.502] [INFO] access - GET /__webpack_hmr
[2017-02-24 16:13:16.503] [INFO] access - GET /__webpack_hmr
[2017-02-24 16:13:16.651] [WARN] access - GET /api/models?type=content
[2017-02-24 16:13:19.152] [INFO] access - GET /api/models/58a3e06cbf3da8010c4435ec
[2017-02-24 16:13:37.509] [INFO] access - GET /__webpack_hmr
[2017-02-24 16:13:58.490] [INFO] access - GET /__webpack_hmr
[2017-02-24 16:14:19.494] [INFO] access - GET /__webpack_hmr
[2017-02-24 16:14:40.489] [INFO] access - GET /__webpack_hmr
[2017-02-24 16:15:01.515] [INFO] access - GET /__webpack_hmr
[2017-02-24 16:15:22.486] [INFO] access - GET /__webpack_hmr
[2017-02-24 16:15:43.529] [INFO] access - GET /__webpack_hmr
[2017-02-24 16:16:04.514] [INFO] access - GET /__webpack_hmr
[2017-02-24 16:16:25.502] [INFO] access - GET /__webpack_hmr
[2017-02-24 16:16:46.495] [INFO] access - GET /__webpack_hmr
[2017-02-24 16:17:07.487] [INFO] access - GET /__webpack_hmr
[2017-02-24 16:17:28.485] [INFO] access - GET /__webpack_hmr
[2017-02-24 16:17:49.484] [INFO] access - GET /__webpack_hmr
[2017-02-24 16:18:10.509] [INFO] access - GET /__webpack_hmr
[2017-02-24 16:18:31.535] [INFO] access - GET /__webpack_hmr
[2017-02-24 16:18:52.516] [INFO] access - GET /__webpack_hmr
[2017-02-24 16:19:13.507] [INFO] access - GET /__webpack_hmr
[2017-02-24 16:19:34.510] [INFO] access - GET /__webpack_hmr
[2017-02-24 16:19:55.496] [INFO] access - GET /__webpack_hmr
[2017-02-24 16:20:16.478] [INFO] access - GET /__webpack_hmr
[2017-02-24 16:20:37.508] [INFO] access - GET /__webpack_hmr
[2017-02-24 16:20:58.496] [INFO] access - GET /__webpack_hmr
[2017-02-24 16:21:19.510] [INFO] access - GET /__webpack_hmr
[2017-02-24 16:21:40.504] [INFO] access - GET /__webpack_hmr
[2017-02-24 16:22:01.531] [INFO] access - GET /__webpack_hmr
[2017-02-24 16:22:22.522] [INFO] access - GET /__webpack_hmr
[2017-02-24 16:22:43.480] [INFO] access - GET /__webpack_hmr
[2017-02-24 16:23:04.519] [INFO] access - GET /__webpack_hmr
[2017-02-24 16:23:25.513] [INFO] access - GET /__webpack_hmr
[2017-02-24 16:23:46.518] [INFO] access - GET /__webpack_hmr
[2017-02-24 16:24:07.519] [INFO] access - GET /__webpack_hmr
[2017-02-24 16:24:28.597] [INFO] access - GET /__webpack_hmr
[2017-02-24 16:24:49.490] [INFO] access - GET /__webpack_hmr
[2017-02-24 16:25:10.535] [INFO] access - GET /__webpack_hmr
[2017-02-24 16:25:31.528] [INFO] access - GET /__webpack_hmr
[2017-02-24 16:25:52.526] [INFO] access - GET /__webpack_hmr
[2017-02-24 16:26:13.547] [INFO] access - GET /__webpack_hmr
[2017-02-24 16:26:18.461] [WARN] access - GET /api/categories
[2017-02-24 16:26:20.218] [WARN] access - GET /api/views
[2017-02-24 16:26:20.219] [WARN] access - GET /api/models?type=content
[2017-02-24 16:26:34.516] [INFO] access - GET /__webpack_hmr
[2017-02-24 16:26:54.541] [INFO] access - GET /__webpack_hmr
[2017-02-24 16:27:15.508] [INFO] access - GET /__webpack_hmr
[2017-02-24 16:27:36.549] [INFO] access - GET /__webpack_hmr
[2017-02-24 16:28:18.492] [INFO] access - GET /__webpack_hmr
[2017-02-24 16:28:39.489] [INFO] access - GET /__webpack_hmr
[2017-02-24 16:29:00.488] [INFO] access - GET /__webpack_hmr
[2017-02-24 16:29:21.516] [INFO] access - GET /__webpack_hmr
[2017-02-24 16:29:42.508] [INFO] access - GET /__webpack_hmr
[2017-02-24 16:30:03.532] [INFO] access - GET /__webpack_hmr
[2017-02-24 16:30:24.497] [INFO] access - GET /__webpack_hmr
[2017-02-24 16:30:45.493] [INFO] access - GET /__webpack_hmr
[2017-02-24 16:31:06.528] [INFO] access - GET /__webpack_hmr
[2017-02-24 16:31:27.512] [INFO] access - GET /__webpack_hmr
[2017-02-24 16:31:48.537] [INFO] access - GET /__webpack_hmr
[2017-02-24 16:32:09.535] [INFO] access - GET /__webpack_hmr
[2017-02-24 16:32:30.529] [INFO] access - GET /__webpack_hmr
[2017-02-24 16:32:51.530] [INFO] access - GET /__webpack_hmr
[2017-02-24 16:33:12.547] [INFO] access - GET /__webpack_hmr
[2017-02-24 16:33:33.540] [INFO] access - GET /__webpack_hmr
[2017-02-24 16:33:54.543] [INFO] access - GET /__webpack_hmr
[2017-02-24 16:34:15.553] [INFO] access - GET /__webpack_hmr
[2017-02-24 16:34:36.551] [INFO] access - GET /__webpack_hmr
[2017-02-24 16:34:57.528] [INFO] access - GET /__webpack_hmr
[2017-02-24 16:35:18.534] [INFO] access - GET /__webpack_hmr
[2017-02-24 16:35:39.563] [INFO] access - GET /__webpack_hmr
[2017-02-24 16:36:00.559] [INFO] access - GET /__webpack_hmr
[2017-02-24 16:36:21.547] [INFO] access - GET /__webpack_hmr
[2017-02-24 16:36:42.556] [INFO] access - GET /__webpack_hmr
[2017-02-24 16:37:03.548] [INFO] access - GET /__webpack_hmr
[2017-02-24 16:37:24.561] [INFO] access - GET /__webpack_hmr
[2017-02-24 16:37:45.563] [INFO] access - GET /__webpack_hmr
[2017-02-24 16:38:06.563] [INFO] access - GET /__webpack_hmr
[2017-02-24 16:38:27.536] [INFO] access - GET /__webpack_hmr
[2017-02-24 16:38:48.563] [INFO] access - GET /__webpack_hmr
[2017-02-24 16:39:09.551] [INFO] access - GET /__webpack_hmr
[2017-02-24 16:39:30.545] [INFO] access - GET /__webpack_hmr
[2017-02-24 16:39:51.536] [INFO] access - GET /__webpack_hmr
[2017-02-24 16:40:12.510] [INFO] access - GET /__webpack_hmr
[2017-02-24 16:40:33.566] [INFO] access - GET /__webpack_hmr
[2017-02-24 16:40:54.562] [INFO] access - GET /__webpack_hmr
[2017-02-24 16:41:15.512] [INFO] access - GET /__webpack_hmr
[2017-02-24 16:41:36.546] [INFO] access - GET /__webpack_hmr
[2017-02-24 16:41:57.538] [INFO] access - GET /__webpack_hmr
[2017-02-24 16:42:18.547] [INFO] access - GET /__webpack_hmr
[2017-02-24 16:42:39.558] [INFO] access - GET /__webpack_hmr
[2017-02-24 16:43:00.558] [INFO] access - GET /__webpack_hmr
[2017-02-24 16:43:21.564] [INFO] access - GET /__webpack_hmr
[2017-02-24 16:43:42.550] [INFO] access - GET /__webpack_hmr
[2017-02-24 16:44:03.554] [INFO] access - GET /__webpack_hmr
[2017-02-24 16:44:24.568] [INFO] access - GET /__webpack_hmr
[2017-02-24 16:44:45.557] [INFO] access - GET /__webpack_hmr
[2017-02-24 16:45:06.550] [INFO] access - GET /__webpack_hmr
[2017-02-24 16:45:27.549] [INFO] access - GET /__webpack_hmr
[2017-02-24 16:45:48.512] [INFO] access - GET /__webpack_hmr
[2017-02-24 16:46:09.552] [INFO] access - GET /__webpack_hmr
[2017-02-24 16:46:30.555] [INFO] access - GET /__webpack_hmr
[2017-02-24 16:46:51.576] [INFO] access - GET /__webpack_hmr
[2017-02-24 16:47:12.573] [INFO] access - GET /__webpack_hmr
[2017-02-24 16:47:33.561] [INFO] access - GET /__webpack_hmr
[2017-02-24 16:47:54.568] [INFO] access - GET /__webpack_hmr
[2017-02-24 16:48:15.538] [INFO] access - GET /__webpack_hmr
[2017-02-24 16:48:36.563] [INFO] access - GET /__webpack_hmr
[2017-02-24 16:48:57.553] [INFO] access - GET /__webpack_hmr
[2017-02-24 16:49:18.546] [INFO] access - GET /__webpack_hmr
[2017-02-24 16:49:39.536] [INFO] access - GET /__webpack_hmr
[2017-02-24 16:50:00.558] [INFO] access - GET /__webpack_hmr
[2017-02-24 16:50:21.561] [INFO] access - GET /__webpack_hmr
[2017-02-24 16:50:42.561] [INFO] access - GET /__webpack_hmr
[2017-02-24 16:51:03.598] [INFO] access - GET /__webpack_hmr
[2017-02-24 16:51:24.616] [INFO] access - GET /__webpack_hmr
[2017-02-24 16:51:45.562] [INFO] access - GET /__webpack_hmr
[2017-02-24 16:52:06.522] [INFO] access - GET /__webpack_hmr
[2017-02-24 16:52:27.536] [INFO] access - GET /__webpack_hmr
[2017-02-24 16:52:48.532] [INFO] access - GET /__webpack_hmr
[2017-02-24 16:53:09.519] [INFO] access - GET /__webpack_hmr
[2017-02-24 16:53:30.559] [INFO] access - GET /__webpack_hmr
[2017-02-24 16:53:51.563] [INFO] access - GET /__webpack_hmr
[2017-02-24 16:54:12.562] [INFO] access - GET /__webpack_hmr
[2017-02-24 16:54:33.567] [INFO] access - GET /__webpack_hmr
[2017-02-24 16:54:54.563] [INFO] access - GET /__webpack_hmr
[2017-02-24 16:55:15.566] [INFO] access - GET /__webpack_hmr
[2017-02-24 16:55:36.570] [INFO] access - GET /__webpack_hmr
[2017-02-24 16:55:57.580] [INFO] access - GET /__webpack_hmr
[2017-02-24 16:56:18.582] [INFO] access - GET /__webpack_hmr
[2017-02-24 16:56:39.564] [INFO] access - GET /__webpack_hmr
[2017-02-24 16:57:00.561] [INFO] access - GET /__webpack_hmr
[2017-02-24 16:57:21.570] [INFO] access - GET /__webpack_hmr
[2017-02-24 16:57:42.562] [INFO] access - GET /__webpack_hmr
[2017-02-24 16:58:03.560] [INFO] access - GET /__webpack_hmr
[2017-02-24 16:58:24.564] [INFO] access - GET /__webpack_hmr
[2017-02-24 16:59:06.575] [INFO] access - GET /__webpack_hmr
[2017-02-24 16:59:27.581] [INFO] access - GET /__webpack_hmr
[2017-02-24 16:59:48.570] [INFO] access - GET /__webpack_hmr
